0 verbose cli /usr/local/bin/node /usr/local/bin/npm
1 info using npm@8.6.0
2 info using node@v18.0.0
3 timing npm:load:whichnode Completed in 0ms
4 timing config:load:defaults Completed in 1ms
5 timing config:load:file:/usr/local/lib/node_modules/npm/npmrc Completed in 1ms
6 timing config:load:builtin Completed in 1ms
7 timing config:load:cli Completed in 1ms
8 timing config:load:env Completed in 0ms
9 timing config:load:project Completed in 6ms
10 timing config:load:file:/home/node/.npmrc Completed in 1ms
11 timing config:load:user Completed in 1ms
12 timing config:load:file:/usr/local/etc/npmrc Completed in 0ms
13 timing config:load:global Completed in 0ms
14 timing config:load:validate Completed in 1ms
15 timing config:load:credentials Completed in 0ms
16 timing config:load:setEnvs Completed in 1ms
17 timing config:load Completed in 13ms
18 timing npm:load:configload Completed in 13ms
19 timing npm:load:mkdirpcache Completed in 1ms
20 timing npm:load:mkdirplogs Completed in 2ms
21 verbose title npm i
22 verbose argv "i"
23 timing npm:load:setTitle Completed in 1ms
24 timing config:load:flatten Completed in 1ms
25 timing npm:load:display Completed in 2ms
26 verbose logfile logs-max:10 dir:/home/node/.npm/_logs
27 verbose logfile /home/node/.npm/_logs/2022-09-23T06_29_33_291Z-debug-0.log
28 timing npm:load:logFile Completed in 23ms
29 timing npm:load:timers Completed in 0ms
30 timing npm:load:configScope Completed in 0ms
31 timing npm:load Completed in 44ms
32 timing arborist:ctor Completed in 0ms
33 silly logfile done cleaning log files
34 timing idealTree:init Completed in 52ms
35 timing idealTree:userRequests Completed in 0ms
36 silly idealTree buildDeps
37 timing idealTree:#root Completed in 0ms
38 timing idealTree:buildDeps Completed in 2ms
39 timing idealTree:fixDepFlags Completed in 0ms
40 timing idealTree Completed in 60ms
41 timing reify:loadTrees Completed in 137ms
42 timing reify:diffTrees Completed in 5ms
43 silly reify mark retired [ '/home/node/node_modules/balanced-match' ]
44 silly reify mark retired [ '/home/node/node_modules/braces' ]
45 silly reify mark retired [ '/home/node/node_modules/chokidar' ]
46 silly reify mark retired [ '/home/node/node_modules/engine.io' ]
47 silly reify mark retired [ '/home/node/node_modules/base64id' ]
48 silly reify mark retired [ '/home/node/node_modules/concat-map' ]
49 silly reify mark retired [ '/home/node/node_modules/engine.io-client' ]
50 silly reify mark retired [ '/home/node/node_modules/esbuild-linux-arm64' ]
51 silly reify mark retired [ '/home/node/node_modules/cors' ]
52 silly reify mark retired [ '/home/node/node_modules/engine.io-parser' ]
53 silly reify mark retired [ '/home/node/node_modules/esbuild' ]
54 silly reify mark retired [ '/home/node/node_modules/fill-range' ]
55 silly reify mark retired [ '/home/node/node_modules/function-bind' ]
56 silly reify mark retired [ '/home/node/node_modules/is-core-module' ]
57 silly reify mark retired [ '/home/node/node_modules/has-flag' ]
58 silly reify mark retired [ '/home/node/node_modules/has' ]
59 silly reify mark retired [ '/home/node/node_modules/is-number' ]
60 silly reify mark retired [ '/home/node/node_modules/mime-db' ]
61 silly reify mark retired [ '/home/node/node_modules/mime-types' ]
62 silly reify mark retired [ '/home/node/node_modules/nanoid' ]
63 silly reify mark retired [ '/home/node/node_modules/nodemon' ]
64 silly reify mark retired [ '/home/node/node_modules/is-glob' ]
65 silly reify mark retired [ '/home/node/node_modules/minimatch' ]
66 silly reify mark retired [ '/home/node/node_modules/negotiator' ]
67 silly reify mark retired [ '/home/node/node_modules/path-parse' ]
68 silly reify mark retired [ '/home/node/node_modules/nopt' ]
69 silly reify mark retired [ '/home/node/node_modules/normalize-path' ]
70 silly reify mark retired [ '/home/node/node_modules/picocolors' ]
71 silly reify mark retired [ '/home/node/node_modules/picomatch' ]
72 silly reify mark retired [ '/home/node/node_modules/object-assign' ]
73 silly reify mark retired [ '/home/node/node_modules/readdirp' ]
74 silly reify mark retired [ '/home/node/node_modules/postcss' ]
75 silly reify mark retired [ '/home/node/node_modules/pstree.remy' ]
76 silly reify mark retired [ '/home/node/node_modules/rollup' ]
77 silly reify mark retired [ '/home/node/node_modules/semver' ]
78 silly reify mark retired [ '/home/node/node_modules/resolve' ]
79 silly reify mark retired [ '/home/node/node_modules/simple-update-notifier' ]
80 silly reify mark retired [ '/home/node/node_modules/socket.io' ]
81 silly reify mark retired [ '/home/node/node_modules/socket.io-parser' ]
82 silly reify mark retired [ '/home/node/node_modules/source-map-js' ]
83 silly reify mark retired [ '/home/node/node_modules/supports-color' ]
84 silly reify mark retired [ '/home/node/node_modules/socket.io-client' ]
85 silly reify mark retired [ '/home/node/node_modules/socket.io-adapter' ]
86 silly reify mark retired [ '/home/node/node_modules/supports-preserve-symlinks-flag' ]
87 silly reify mark retired [ '/home/node/node_modules/touch' ]
88 silly reify mark retired [ '/home/node/node_modules/to-regex-range' ]
89 silly reify mark retired [ '/home/node/node_modules/vite' ]
90 silly reify mark retired [ '/home/node/node_modules/undefsafe' ]
91 silly reify mark retired [ '/home/node/node_modules/up' ]
92 silly reify mark retired [ '/home/node/node_modules/xmlhttprequest-ssl' ]
93 silly reify mark retired [ '/home/node/node_modules/vary' ]
94 silly reify moves {
94 silly reify   '/home/node/node_modules/balanced-match': '/home/node/node_modules/.balanced-match-oKORrRUB',
94 silly reify   '/home/node/node_modules/braces': '/home/node/node_modules/.braces-jdYa7Lvs',
94 silly reify   '/home/node/node_modules/chokidar': '/home/node/node_modules/.chokidar-CD04uI76',
94 silly reify   '/home/node/node_modules/engine.io': '/home/node/node_modules/.engine.io-HZ4Vpkt7',
94 silly reify   '/home/node/node_modules/base64id': '/home/node/node_modules/.base64id-zuHXD5Zq',
94 silly reify   '/home/node/node_modules/concat-map': '/home/node/node_modules/.concat-map-GYKwKNCk',
94 silly reify   '/home/node/node_modules/engine.io-client': '/home/node/node_modules/.engine.io-client-ciFCg4L0',
94 silly reify   '/home/node/node_modules/esbuild-linux-arm64': '/home/node/node_modules/.esbuild-linux-arm64-gi6aV93o',
94 silly reify   '/home/node/node_modules/cors': '/home/node/node_modules/.cors-748Okn81',
94 silly reify   '/home/node/node_modules/engine.io-parser': '/home/node/node_modules/.engine.io-parser-gdCRjtcN',
94 silly reify   '/home/node/node_modules/esbuild': '/home/node/node_modules/.esbuild-B531Lcf6',
94 silly reify   '/home/node/node_modules/fill-range': '/home/node/node_modules/.fill-range-ZTGBHXqg',
94 silly reify   '/home/node/node_modules/function-bind': '/home/node/node_modules/.function-bind-CaGn1J1r',
94 silly reify   '/home/node/node_modules/is-core-module': '/home/node/node_modules/.is-core-module-KpZGZlur',
94 silly reify   '/home/node/node_modules/has-flag': '/home/node/node_modules/.has-flag-clWbGLQ8',
94 silly reify   '/home/node/node_modules/has': '/home/node/node_modules/.has-Gl5AhyBi',
94 silly reify   '/home/node/node_modules/is-number': '/home/node/node_modules/.is-number-1MLugFXF',
94 silly reify   '/home/node/node_modules/mime-db': '/home/node/node_modules/.mime-db-1B0qG7JO',
94 silly reify   '/home/node/node_modules/mime-types': '/home/node/node_modules/.mime-types-PGLbc5Tw',
94 silly reify   '/home/node/node_modules/nanoid': '/home/node/node_modules/.nanoid-X6PDUuOK',
94 silly reify   '/home/node/node_modules/nodemon': '/home/node/node_modules/.nodemon-UdIElEcb',
94 silly reify   '/home/node/node_modules/is-glob': '/home/node/node_modules/.is-glob-uOxV0B8A',
94 silly reify   '/home/node/node_modules/minimatch': '/home/node/node_modules/.minimatch-xjMfTzYh',
94 silly reify   '/home/node/node_modules/negotiator': '/home/node/node_modules/.negotiator-8zIo4F7R',
94 silly reify   '/home/node/node_modules/path-parse': '/home/node/node_modules/.path-parse-6mMM6Iu9',
94 silly reify   '/home/node/node_modules/nopt': '/home/node/node_modules/.nopt-BuFbHfNZ',
94 silly reify   '/home/node/node_modules/normalize-path': '/home/node/node_modules/.normalize-path-XgFh14va',
94 silly reify   '/home/node/node_modules/picocolors': '/home/node/node_modules/.picocolors-3eVAZycH',
94 silly reify   '/home/node/node_modules/picomatch': '/home/node/node_modules/.picomatch-WLVnpPCb',
94 silly reify   '/home/node/node_modules/object-assign': '/home/node/node_modules/.object-assign-eTkAINVv',
94 silly reify   '/home/node/node_modules/readdirp': '/home/node/node_modules/.readdirp-1bGHFKks',
94 silly reify   '/home/node/node_modules/postcss': '/home/node/node_modules/.postcss-ICgZs7eJ',
94 silly reify   '/home/node/node_modules/pstree.remy': '/home/node/node_modules/.pstree.remy-u36bAjFY',
94 silly reify   '/home/node/node_modules/rollup': '/home/node/node_modules/.rollup-TPoCLYe5',
94 silly reify   '/home/node/node_modules/semver': '/home/node/node_modules/.semver-GtW4JUtf',
94 silly reify   '/home/node/node_modules/resolve': '/home/node/node_modules/.resolve-lI5nkfO7',
94 silly reify   '/home/node/node_modules/simple-update-notifier': '/home/node/node_modules/.simple-update-notifier-yvLGJ5pt',
94 silly reify   '/home/node/node_modules/socket.io': '/home/node/node_modules/.socket.io-VbbW7eyz',
94 silly reify   '/home/node/node_modules/socket.io-parser': '/home/node/node_modules/.socket.io-parser-QhF9nCOX',
94 silly reify   '/home/node/node_modules/source-map-js': '/home/node/node_modules/.source-map-js-Mqye5HM1',
94 silly reify   '/home/node/node_modules/supports-color': '/home/node/node_modules/.supports-color-6f6pC5S1',
94 silly reify   '/home/node/node_modules/socket.io-client': '/home/node/node_modules/.socket.io-client-YZaGYDYD',
94 silly reify   '/home/node/node_modules/socket.io-adapter': '/home/node/node_modules/.socket.io-adapter-2PTtZFmN',
94 silly reify   '/home/node/node_modules/supports-preserve-symlinks-flag': '/home/node/node_modules/.supports-preserve-symlinks-flag-IlG3ESab',
94 silly reify   '/home/node/node_modules/touch': '/home/node/node_modules/.touch-BoFq0Hve',
94 silly reify   '/home/node/node_modules/to-regex-range': '/home/node/node_modules/.to-regex-range-wXJF5D0D',
94 silly reify   '/home/node/node_modules/vite': '/home/node/node_modules/.vite-wMVTjXkv',
94 silly reify   '/home/node/node_modules/undefsafe': '/home/node/node_modules/.undefsafe-SSVgvdu2',
94 silly reify   '/home/node/node_modules/up': '/home/node/node_modules/.up-FVo4Mc1X',
94 silly reify   '/home/node/node_modules/xmlhttprequest-ssl': '/home/node/node_modules/.xmlhttprequest-ssl-cTd5WeMv',
94 silly reify   '/home/node/node_modules/vary': '/home/node/node_modules/.vary-bs1hHfDk'
94 silly reify }
95 timing reify:retireShallow Completed in 136ms
96 timing reify:createSparse Completed in 265ms
97 timing reify:loadBundles Completed in 0ms
98 silly audit bulk request {
98 silly audit   '@esbuild/linux-loong64': [ '0.15.7' ],
98 silly audit   '@socket.io/component-emitter': [ '3.1.0' ],
98 silly audit   '@types/cookie': [ '0.4.1' ],
98 silly audit   '@types/cors': [ '2.8.12' ],
98 silly audit   '@types/node': [ '18.7.18' ],
98 silly audit   abbrev: [ '1.1.1' ],
98 silly audit   accepts: [ '1.3.8' ],
98 silly audit   anymatch: [ '3.1.2' ],
98 silly audit   'balanced-match': [ '1.0.2' ],
98 silly audit   base64id: [ '2.0.0' ],
98 silly audit   'binary-extensions': [ '2.2.0' ],
98 silly audit   'brace-expansion': [ '1.1.11' ],
98 silly audit   braces: [ '3.0.2' ],
98 silly audit   chokidar: [ '3.5.3' ],
98 silly audit   'concat-map': [ '0.0.1' ],
98 silly audit   cors: [ '2.8.5' ],
98 silly audit   'engine.io': [ '6.2.0' ],
98 silly audit   'engine.io-client': [ '6.2.2' ],
98 silly audit   debug: [ '4.3.4', '3.2.7' ],
98 silly audit   ms: [ '2.1.2', '2.1.3' ],
98 silly audit   ws: [ '8.2.3' ],
98 silly audit   'engine.io-parser': [ '5.0.4' ],
98 silly audit   cookie: [ '0.4.2' ],
98 silly audit   esbuild: [ '0.15.7' ],
98 silly audit   'esbuild-android-64': [ '0.15.7' ],
98 silly audit   'esbuild-android-arm64': [ '0.15.7' ],
98 silly audit   'esbuild-darwin-64': [ '0.15.7' ],
98 silly audit   'esbuild-darwin-arm64': [ '0.15.7' ],
98 silly audit   'esbuild-freebsd-64': [ '0.15.7' ],
98 silly audit   'esbuild-freebsd-arm64': [ '0.15.7' ],
98 silly audit   'esbuild-linux-32': [ '0.15.7' ],
98 silly audit   'esbuild-linux-64': [ '0.15.7' ],
98 silly audit   'esbuild-linux-arm': [ '0.15.7' ],
98 silly audit   'esbuild-linux-arm64': [ '0.15.7' ],
98 silly audit   'esbuild-linux-mips64le': [ '0.15.7' ],
98 silly audit   'esbuild-linux-ppc64le': [ '0.15.7' ],
98 silly audit   'esbuild-linux-riscv64': [ '0.15.7' ],
98 silly audit   'esbuild-linux-s390x': [ '0.15.7' ],
98 silly audit   'esbuild-netbsd-64': [ '0.15.7' ],
98 silly audit   'esbuild-openbsd-64': [ '0.15.7' ],
98 silly audit   'esbuild-sunos-64': [ '0.15.7' ],
98 silly audit   'esbuild-windows-32': [ '0.15.7' ],
98 silly audit   'esbuild-windows-64': [ '0.15.7' ],
98 silly audit   'esbuild-windows-arm64': [ '0.15.7' ],
98 silly audit   'fill-range': [ '7.0.1' ],
98 silly audit   fsevents: [ '2.3.2' ],
98 silly audit   'function-bind': [ '1.1.1' ],
98 silly audit   'glob-parent': [ '5.1.2' ],
98 silly audit   has: [ '1.0.3' ],
98 silly audit   'has-flag': [ '3.0.0' ],
98 silly audit   'ignore-by-default': [ '1.0.1' ],
98 silly audit   'is-binary-path': [ '2.1.0' ],
98 silly audit   'is-core-module': [ '2.10.0' ],
98 silly audit   'is-extglob': [ '2.1.1' ],
98 silly audit   'is-glob': [ '4.0.3' ],
98 silly audit   'is-number': [ '7.0.0' ],
98 silly audit   'mime-db': [ '1.52.0' ],
98 silly audit   'mime-types': [ '2.1.35' ],
98 silly audit   minimatch: [ '3.1.2' ],
98 silly audit   nanoid: [ '3.3.4' ],
98 silly audit   negotiator: [ '0.6.3' ],
98 silly audit   nodemon: [ '2.0.20' ],
98 silly audit   nopt: [ '1.0.10' ],
98 silly audit   'normalize-path': [ '3.0.0' ],
98 silly audit   'object-assign': [ '4.1.1' ],
98 silly audit   'path-parse': [ '1.0.7' ],
98 silly audit   picocolors: [ '1.0.0' ],
98 silly audit   picomatch: [ '2.3.1' ],
98 silly audit   postcss: [ '8.4.16' ],
98 silly audit   'pstree.remy': [ '1.1.8' ],
98 silly audit   readdirp: [ '3.6.0' ],
98 silly audit   resolve: [ '1.22.1' ],
98 silly audit   rollup: [ '2.78.1' ],
98 silly audit   semver: [ '5.7.1', '7.0.0' ],
98 silly audit   'simple-update-notifier': [ '1.0.7' ],
98 silly audit   'socket.io': [ '4.5.2' ],
98 silly audit   'socket.io-adapter': [ '2.4.0' ],
98 silly audit   'socket.io-client': [ '4.5.2' ],
98 silly audit   'socket.io-parser': [ '4.2.1' ],
98 silly audit   'source-map-js': [ '1.0.2' ],
98 silly audit   'supports-color': [ '5.5.0' ],
98 silly audit   'supports-preserve-symlinks-flag': [ '1.0.0' ],
98 silly audit   'to-regex-range': [ '5.0.1' ],
98 silly audit   touch: [ '3.1.0' ],
98 silly audit   undefsafe: [ '2.0.5' ],
98 silly audit   up: [ '1.0.2' ],
98 silly audit   vary: [ '1.1.2' ],
98 silly audit   vite: [ '3.1.2' ],
98 silly audit   'xmlhttprequest-ssl': [ '2.0.0' ]
98 silly audit }
99 verbose reify failed optional dependency /home/node/node_modules/fsevents
100 silly reify mark deleted [ '/home/node/node_modules/fsevents' ]
101 verbose reify failed optional dependency /home/node/node_modules/esbuild-windows-arm64
102 silly reify mark deleted [ '/home/node/node_modules/esbuild-windows-arm64' ]
103 verbose reify failed optional dependency /home/node/node_modules/esbuild-windows-64
104 silly reify mark deleted [ '/home/node/node_modules/esbuild-windows-64' ]
105 verbose reify failed optional dependency /home/node/node_modules/esbuild-windows-32
106 silly reify mark deleted [ '/home/node/node_modules/esbuild-windows-32' ]
107 verbose reify failed optional dependency /home/node/node_modules/esbuild-sunos-64
108 silly reify mark deleted [ '/home/node/node_modules/esbuild-sunos-64' ]
109 verbose reify failed optional dependency /home/node/node_modules/esbuild-openbsd-64
110 silly reify mark deleted [ '/home/node/node_modules/esbuild-openbsd-64' ]
111 verbose reify failed optional dependency /home/node/node_modules/esbuild-netbsd-64
112 silly reify mark deleted [ '/home/node/node_modules/esbuild-netbsd-64' ]
113 verbose reify failed optional dependency /home/node/node_modules/esbuild-linux-s390x
114 silly reify mark deleted [ '/home/node/node_modules/esbuild-linux-s390x' ]
115 verbose reify failed optional dependency /home/node/node_modules/esbuild-linux-riscv64
116 silly reify mark deleted [ '/home/node/node_modules/esbuild-linux-riscv64' ]
117 verbose reify failed optional dependency /home/node/node_modules/esbuild-linux-ppc64le
118 silly reify mark deleted [ '/home/node/node_modules/esbuild-linux-ppc64le' ]
119 verbose reify failed optional dependency /home/node/node_modules/esbuild-linux-mips64le
120 silly reify mark deleted [ '/home/node/node_modules/esbuild-linux-mips64le' ]
121 verbose reify failed optional dependency /home/node/node_modules/esbuild-linux-arm
122 silly reify mark deleted [ '/home/node/node_modules/esbuild-linux-arm' ]
123 verbose reify failed optional dependency /home/node/node_modules/esbuild-linux-64
124 silly reify mark deleted [ '/home/node/node_modules/esbuild-linux-64' ]
125 verbose reify failed optional dependency /home/node/node_modules/esbuild-linux-32
126 silly reify mark deleted [ '/home/node/node_modules/esbuild-linux-32' ]
127 verbose reify failed optional dependency /home/node/node_modules/esbuild-freebsd-arm64
128 silly reify mark deleted [ '/home/node/node_modules/esbuild-freebsd-arm64' ]
129 verbose reify failed optional dependency /home/node/node_modules/esbuild-freebsd-64
130 silly reify mark deleted [ '/home/node/node_modules/esbuild-freebsd-64' ]
131 verbose reify failed optional dependency /home/node/node_modules/esbuild-darwin-arm64
132 silly reify mark deleted [ '/home/node/node_modules/esbuild-darwin-arm64' ]
133 verbose reify failed optional dependency /home/node/node_modules/esbuild-darwin-64
134 silly reify mark deleted [ '/home/node/node_modules/esbuild-darwin-64' ]
135 verbose reify failed optional dependency /home/node/node_modules/esbuild-android-arm64
136 silly reify mark deleted [ '/home/node/node_modules/esbuild-android-arm64' ]
137 verbose reify failed optional dependency /home/node/node_modules/esbuild-android-64
138 silly reify mark deleted [ '/home/node/node_modules/esbuild-android-64' ]
139 verbose reify failed optional dependency /home/node/node_modules/@esbuild/linux-loong64
140 silly reify mark deleted [ '/home/node/node_modules/@esbuild/linux-loong64' ]
141 timing reifyNode:node_modules/fsevents Completed in 106ms
142 timing reifyNode:node_modules/esbuild-windows-arm64 Completed in 108ms
143 timing reifyNode:node_modules/esbuild-windows-64 Completed in 109ms
144 timing reifyNode:node_modules/esbuild-windows-32 Completed in 110ms
145 timing reifyNode:node_modules/esbuild-sunos-64 Completed in 111ms
146 timing reifyNode:node_modules/esbuild-openbsd-64 Completed in 112ms
147 timing reifyNode:node_modules/esbuild-netbsd-64 Completed in 112ms
148 timing reifyNode:node_modules/esbuild-linux-s390x Completed in 114ms
149 timing reifyNode:node_modules/esbuild-linux-riscv64 Completed in 116ms
150 timing reifyNode:node_modules/esbuild-linux-ppc64le Completed in 117ms
151 timing reifyNode:node_modules/esbuild-linux-mips64le Completed in 118ms
152 timing reifyNode:node_modules/esbuild-linux-arm Completed in 119ms
153 timing reifyNode:node_modules/esbuild-linux-64 Completed in 121ms
154 timing reifyNode:node_modules/esbuild-linux-32 Completed in 121ms
155 timing reifyNode:node_modules/esbuild-freebsd-arm64 Completed in 122ms
156 timing reifyNode:node_modules/esbuild-freebsd-64 Completed in 123ms
157 timing reifyNode:node_modules/esbuild-darwin-arm64 Completed in 123ms
158 timing reifyNode:node_modules/esbuild-darwin-64 Completed in 124ms
159 timing reifyNode:node_modules/esbuild-android-arm64 Completed in 125ms
160 timing reifyNode:node_modules/esbuild-android-64 Completed in 126ms
161 timing reifyNode:node_modules/@esbuild/linux-loong64 Completed in 126ms
162 http fetch POST 200 https://registry.npmjs.org/-/npm/v1/security/advisories/bulk 527ms
163 timing auditReport:getReport Completed in 532ms
164 silly audit report {}
165 timing auditReport:init Completed in 0ms
166 timing reify:audit Completed in 536ms
167 timing reifyNode:node_modules/ignore-by-default Completed in 854ms
168 timing reifyNode:node_modules/brace-expansion Completed in 860ms
169 timing reifyNode:node_modules/is-extglob Completed in 868ms
170 timing reifyNode:node_modules/abbrev Completed in 870ms
171 timing reifyNode:node_modules/object-assign Completed in 888ms
172 timing reifyNode:node_modules/path-parse Completed in 896ms
173 timing reifyNode:node_modules/is-number Completed in 902ms
174 timing reifyNode:node_modules/normalize-path Completed in 910ms
175 timing reifyNode:node_modules/has-flag Completed in 910ms
176 timing reifyNode:node_modules/is-binary-path Completed in 934ms
177 timing reifyNode:node_modules/glob-parent Completed in 935ms
178 timing reifyNode:node_modules/vary Completed in 939ms
179 timing reifyNode:node_modules/accepts Completed in 941ms
180 timing reifyNode:node_modules/anymatch Completed in 942ms
181 timing reifyNode:node_modules/supports-color Completed in 942ms
182 timing reifyNode:node_modules/to-regex-range Completed in 944ms
183 timing reifyNode:node_modules/is-glob Completed in 951ms
184 timing reifyNode:node_modules/fill-range Completed in 958ms
185 timing reifyNode:node_modules/touch Completed in 977ms
186 timing reifyNode:node_modules/base64id Completed in 1003ms
187 timing reifyNode:node_modules/binary-extensions Completed in 1011ms
188 timing reifyNode:node_modules/socket.io-adapter Completed in 1011ms
189 timing reifyNode:node_modules/readdirp Completed in 1017ms
190 timing reifyNode:node_modules/minimatch Completed in 1024ms
191 timing reifyNode:node_modules/mime-types Completed in 1028ms
192 timing reifyNode:node_modules/picocolors Completed in 1031ms
193 timing reifyNode:node_modules/has Completed in 1032ms
194 timing reifyNode:node_modules/balanced-match Completed in 1061ms
195 timing reifyNode:node_modules/cors Completed in 1094ms
196 timing reifyNode:node_modules/concat-map Completed in 1097ms
197 timing reifyNode:node_modules/nopt Completed in 1122ms
198 timing reifyNode:node_modules/semver Completed in 1138ms
199 timing reifyNode:node_modules/supports-preserve-symlinks-flag Completed in 1169ms
200 timing reifyNode:node_modules/undefsafe Completed in 1170ms
201 timing reifyNode:node_modules/negotiator Completed in 1194ms
202 timing reifyNode:node_modules/is-core-module Completed in 1198ms
203 timing reifyNode:node_modules/function-bind Completed in 1249ms
204 timing reifyNode:node_modules/pstree.remy Completed in 1257ms
205 timing reifyNode:node_modules/braces Completed in 1282ms
206 timing reifyNode:node_modules/picomatch Completed in 1300ms
207 timing reifyNode:node_modules/esbuild Completed in 1308ms
208 timing reifyNode:node_modules/chokidar Completed in 1318ms
209 timing reifyNode:node_modules/mime-db Completed in 1335ms
210 timing reifyNode:node_modules/simple-update-notifier Completed in 1341ms
211 timing reifyNode:node_modules/xmlhttprequest-ssl Completed in 1347ms
212 timing reifyNode:node_modules/up Completed in 1355ms
213 timing reifyNode:node_modules/source-map-js Completed in 1509ms
214 timing reifyNode:node_modules/nanoid Completed in 1520ms
215 timing reifyNode:node_modules/socket.io-parser Completed in 1543ms
216 timing reifyNode:node_modules/engine.io-parser Completed in 1641ms
217 timing reifyNode:node_modules/engine.io Completed in 1752ms
218 timing reifyNode:node_modules/simple-update-notifier/node_modules/semver Completed in 1824ms
219 timing reifyNode:node_modules/nodemon Completed in 1956ms
220 timing reifyNode:node_modules/postcss Completed in 1958ms
221 timing reifyNode:node_modules/socket.io Completed in 2123ms
222 timing reifyNode:node_modules/socket.io-client Completed in 2272ms
223 timing reifyNode:node_modules/engine.io-client Completed in 2386ms
224 timing reifyNode:node_modules/resolve Completed in 2533ms
225 timing reifyNode:node_modules/vite Completed in 2688ms
226 timing reifyNode:node_modules/rollup Completed in 2977ms
227 timing reifyNode:node_modules/esbuild-linux-arm64 Completed in 3067ms
228 timing reify:unpack Completed in 3071ms
229 timing reify:unretire Completed in 200ms
230 timing build:queue Completed in 21ms
231 timing build:link:node_modules/vite Completed in 42ms
232 timing build:link:node_modules/rollup Completed in 44ms
233 timing build:link:node_modules/nanoid Completed in 44ms
234 timing build:link:node_modules/nopt Completed in 45ms
235 timing build:link:node_modules/simple-update-notifier/node_modules/semver Completed in 46ms
236 timing build:link:node_modules/semver Completed in 47ms
237 timing build:link:node_modules/touch Completed in 48ms
238 timing build:link:node_modules/esbuild Completed in 49ms
239 timing build:link:node_modules/resolve Completed in 50ms
240 timing build:link:node_modules/nodemon Completed in 51ms
241 timing build:link Completed in 52ms
242 info run esbuild@0.15.7 postinstall node_modules/esbuild node install.js
243 info run esbuild@0.15.7 postinstall { code: 0, signal: null }
244 timing build:run:postinstall:node_modules/esbuild Completed in 248ms
245 timing build:run:postinstall Completed in 248ms
246 timing build:deps Completed in 324ms
247 timing build Completed in 325ms
248 timing reify:build Completed in 326ms
249 timing reify:trash Completed in 736ms
250 timing reify:save Completed in 18ms
251 timing reify Completed in 4926ms
252 silly ADD node_modules/is-extglob
253 silly ADD node_modules/is-binary-path
254 silly ADD node_modules/ignore-by-default
255 silly ADD node_modules/glob-parent
256 silly ADD
257 silly ADD
258 silly ADD
259 silly ADD
260 silly ADD
261 silly ADD
262 silly ADD
263 silly ADD
264 silly ADD
265 silly ADD
266 silly ADD
267 silly ADD
268 silly ADD
269 silly ADD
270 silly ADD
271 silly ADD
272 silly ADD
273 silly ADD
274 silly ADD
275 silly ADD
276 silly ADD node_modules/brace-expansion
277 silly ADD node_modules/binary-extensions
278 silly ADD node_modules/anymatch
279 silly ADD node_modules/accepts
280 silly ADD node_modules/abbrev
281 silly ADD
282 silly CHANGE node_modules/vary
283 silly CHANGE node_modules/xmlhttprequest-ssl
284 silly CHANGE node_modules/up
285 silly CHANGE node_modules/undefsafe
286 silly CHANGE node_modules/vite
287 silly CHANGE node_modules/to-regex-range
288 silly CHANGE node_modules/touch
289 silly CHANGE node_modules/supports-preserve-symlinks-flag
290 silly CHANGE node_modules/socket.io-adapter
291 silly CHANGE node_modules/socket.io-client
292 silly CHANGE node_modules/supports-color
293 silly CHANGE node_modules/source-map-js
294 silly CHANGE node_modules/socket.io-parser
295 silly CHANGE node_modules/socket.io
296 silly CHANGE node_modules/simple-update-notifier
297 silly CHANGE node_modules/simple-update-notifier/node_modules/semver
298 silly CHANGE node_modules/resolve
299 silly CHANGE node_modules/semver
300 silly CHANGE node_modules/rollup
301 silly CHANGE node_modules/pstree.remy
302 silly CHANGE node_modules/postcss
303 silly CHANGE node_modules/readdirp
304 silly CHANGE node_modules/object-assign
305 silly CHANGE node_modules/picomatch
306 silly CHANGE node_modules/picocolors
307 silly CHANGE node_modules/normalize-path
308 silly CHANGE node_modules/nopt
309 silly CHANGE node_modules/path-parse
310 silly CHANGE node_modules/negotiator
311 silly CHANGE node_modules/minimatch
312 silly CHANGE node_modules/is-glob
313 silly CHANGE node_modules/nodemon
314 silly CHANGE node_modules/nanoid
315 silly CHANGE node_modules/mime-types
316 silly CHANGE node_modules/mime-db
317 silly CHANGE node_modules/is-number
318 silly CHANGE node_modules/has
319 silly CHANGE node_modules/has-flag
320 silly CHANGE node_modules/is-core-module
321 silly CHANGE node_modules/function-bind
322 silly CHANGE node_modules/fill-range
323 silly CHANGE node_modules/esbuild
324 silly CHANGE node_modules/engine.io-parser
325 silly CHANGE node_modules/cors
326 silly CHANGE node_modules/esbuild-linux-arm64
327 silly CHANGE node_modules/engine.io-client
328 silly CHANGE node_modules/concat-map
329 silly CHANGE node_modules/base64id
330 silly CHANGE node_modules/engine.io
331 silly CHANGE node_modules/chokidar
332 silly CHANGE node_modules/braces
333 silly CHANGE node_modules/balanced-match
334 timing command:i Completed in 4991ms
335 verbose exit 0
336 timing npm Completed in 5069ms
337 info ok
