0 verbose cli /usr/local/bin/node /usr/local/bin/npm
1 info using npm@8.6.0
2 info using node@v18.0.0
3 timing npm:load:whichnode Completed in 0ms
4 timing config:load:defaults Completed in 1ms
5 timing config:load:file:/usr/local/lib/node_modules/npm/npmrc Completed in 1ms
6 timing config:load:builtin Completed in 1ms
7 timing config:load:cli Completed in 2ms
8 timing config:load:env Completed in 0ms
9 timing config:load:project Completed in 4ms
10 timing config:load:file:/home/node/.npmrc Completed in 1ms
11 timing config:load:user Completed in 1ms
12 timing config:load:file:/usr/local/etc/npmrc Completed in 0ms
13 timing config:load:global Completed in 1ms
14 timing config:load:validate Completed in 0ms
15 timing config:load:credentials Completed in 0ms
16 timing config:load:setEnvs Completed in 1ms
17 timing config:load Completed in 11ms
18 timing npm:load:configload Completed in 11ms
19 timing npm:load:mkdirpcache Completed in 5ms
20 timing npm:load:mkdirplogs Completed in 4ms
21 verbose title npm i
22 verbose argv "i"
23 timing npm:load:setTitle Completed in 0ms
24 timing config:load:flatten Completed in 2ms
25 timing npm:load:display Completed in 3ms
26 verbose logfile logs-max:10 dir:/home/node/.npm/_logs
27 verbose logfile /home/node/.npm/_logs/2022-09-23T06_29_07_120Z-debug-0.log
28 timing npm:load:logFile Completed in 24ms
29 timing npm:load:timers Completed in 0ms
30 timing npm:load:configScope Completed in 0ms
31 timing npm:load Completed in 49ms
32 timing arborist:ctor Completed in 0ms
33 silly logfile done cleaning log files
34 timing idealTree:init Completed in 56ms
35 timing idealTree:userRequests Completed in 1ms
36 silly idealTree buildDeps
37 timing idealTree:#root Completed in 0ms
38 timing idealTree:buildDeps Completed in 3ms
39 timing idealTree:fixDepFlags Completed in 0ms
40 timing idealTree Completed in 65ms
41 timing reify:loadTrees Completed in 68ms
42 timing reify:diffTrees Completed in 2ms
43 silly reify moves {}
44 timing reify:retireShallow Completed in 1ms
45 timing reify:createSparse Completed in 546ms
46 timing reify:loadBundles Completed in 0ms
47 silly audit bulk request {
47 silly audit   '@esbuild/linux-loong64': [ '0.15.7' ],
47 silly audit   '@socket.io/component-emitter': [ '3.1.0' ],
47 silly audit   '@types/cookie': [ '0.4.1' ],
47 silly audit   '@types/cors': [ '2.8.12' ],
47 silly audit   '@types/node': [ '18.7.18' ],
47 silly audit   abbrev: [ '1.1.1' ],
47 silly audit   accepts: [ '1.3.8' ],
47 silly audit   anymatch: [ '3.1.2' ],
47 silly audit   'balanced-match': [ '1.0.2' ],
47 silly audit   base64id: [ '2.0.0' ],
47 silly audit   'binary-extensions': [ '2.2.0' ],
47 silly audit   'brace-expansion': [ '1.1.11' ],
47 silly audit   braces: [ '3.0.2' ],
47 silly audit   chokidar: [ '3.5.3' ],
47 silly audit   'concat-map': [ '0.0.1' ],
47 silly audit   cors: [ '2.8.5' ],
47 silly audit   'engine.io': [ '6.2.0' ],
47 silly audit   'engine.io-client': [ '6.2.2' ],
47 silly audit   debug: [ '4.3.4', '3.2.7' ],
47 silly audit   ms: [ '2.1.2', '2.1.3' ],
47 silly audit   ws: [ '8.2.3' ],
47 silly audit   'engine.io-parser': [ '5.0.4' ],
47 silly audit   cookie: [ '0.4.2' ],
47 silly audit   esbuild: [ '0.15.7' ],
47 silly audit   'esbuild-android-64': [ '0.15.7' ],
47 silly audit   'esbuild-android-arm64': [ '0.15.7' ],
47 silly audit   'esbuild-darwin-64': [ '0.15.7' ],
47 silly audit   'esbuild-darwin-arm64': [ '0.15.7' ],
47 silly audit   'esbuild-freebsd-64': [ '0.15.7' ],
47 silly audit   'esbuild-freebsd-arm64': [ '0.15.7' ],
47 silly audit   'esbuild-linux-32': [ '0.15.7' ],
47 silly audit   'esbuild-linux-64': [ '0.15.7' ],
47 silly audit   'esbuild-linux-arm': [ '0.15.7' ],
47 silly audit   'esbuild-linux-arm64': [ '0.15.7' ],
47 silly audit   'esbuild-linux-mips64le': [ '0.15.7' ],
47 silly audit   'esbuild-linux-ppc64le': [ '0.15.7' ],
47 silly audit   'esbuild-linux-riscv64': [ '0.15.7' ],
47 silly audit   'esbuild-linux-s390x': [ '0.15.7' ],
47 silly audit   'esbuild-netbsd-64': [ '0.15.7' ],
47 silly audit   'esbuild-openbsd-64': [ '0.15.7' ],
47 silly audit   'esbuild-sunos-64': [ '0.15.7' ],
47 silly audit   'esbuild-windows-32': [ '0.15.7' ],
47 silly audit   'esbuild-windows-64': [ '0.15.7' ],
47 silly audit   'esbuild-windows-arm64': [ '0.15.7' ],
47 silly audit   'fill-range': [ '7.0.1' ],
47 silly audit   fsevents: [ '2.3.2' ],
47 silly audit   'function-bind': [ '1.1.1' ],
47 silly audit   'glob-parent': [ '5.1.2' ],
47 silly audit   has: [ '1.0.3' ],
47 silly audit   'has-flag': [ '3.0.0' ],
47 silly audit   'ignore-by-default': [ '1.0.1' ],
47 silly audit   'is-binary-path': [ '2.1.0' ],
47 silly audit   'is-core-module': [ '2.10.0' ],
47 silly audit   'is-extglob': [ '2.1.1' ],
47 silly audit   'is-glob': [ '4.0.3' ],
47 silly audit   'is-number': [ '7.0.0' ],
47 silly audit   'mime-db': [ '1.52.0' ],
47 silly audit   'mime-types': [ '2.1.35' ],
47 silly audit   minimatch: [ '3.1.2' ],
47 silly audit   nanoid: [ '3.3.4' ],
47 silly audit   negotiator: [ '0.6.3' ],
47 silly audit   nodemon: [ '2.0.20' ],
47 silly audit   nopt: [ '1.0.10' ],
47 silly audit   'normalize-path': [ '3.0.0' ],
47 silly audit   'object-assign': [ '4.1.1' ],
47 silly audit   'path-parse': [ '1.0.7' ],
47 silly audit   picocolors: [ '1.0.0' ],
47 silly audit   picomatch: [ '2.3.1' ],
47 silly audit   postcss: [ '8.4.16' ],
47 silly audit   'pstree.remy': [ '1.1.8' ],
47 silly audit   readdirp: [ '3.6.0' ],
47 silly audit   resolve: [ '1.22.1' ],
47 silly audit   rollup: [ '2.78.1' ],
47 silly audit   semver: [ '5.7.1', '7.0.0' ],
47 silly audit   'simple-update-notifier': [ '1.0.7' ],
47 silly audit   'socket.io': [ '4.5.2' ],
47 silly audit   'socket.io-adapter': [ '2.4.0' ],
47 silly audit   'socket.io-client': [ '4.5.2' ],
47 silly audit   'socket.io-parser': [ '4.2.1' ],
47 silly audit   'source-map-js': [ '1.0.2' ],
47 silly audit   'supports-color': [ '5.5.0' ],
47 silly audit   'supports-preserve-symlinks-flag': [ '1.0.0' ],
47 silly audit   'to-regex-range': [ '5.0.1' ],
47 silly audit   touch: [ '3.1.0' ],
47 silly audit   undefsafe: [ '2.0.5' ],
47 silly audit   up: [ '1.0.2' ],
47 silly audit   vary: [ '1.1.2' ],
47 silly audit   vite: [ '3.1.2' ],
47 silly audit   'xmlhttprequest-ssl': [ '2.0.0' ]
47 silly audit }
48 verbose reify failed optional dependency /home/node/node_modules/fsevents
49 silly reify mark deleted [ '/home/node/node_modules/fsevents' ]
50 verbose reify failed optional dependency /home/node/node_modules/esbuild-windows-arm64
51 silly reify mark deleted [ '/home/node/node_modules/esbuild-windows-arm64' ]
52 verbose reify failed optional dependency /home/node/node_modules/esbuild-windows-64
53 silly reify mark deleted [ '/home/node/node_modules/esbuild-windows-64' ]
54 verbose reify failed optional dependency /home/node/node_modules/esbuild-windows-32
55 silly reify mark deleted [ '/home/node/node_modules/esbuild-windows-32' ]
56 verbose reify failed optional dependency /home/node/node_modules/esbuild-sunos-64
57 silly reify mark deleted [ '/home/node/node_modules/esbuild-sunos-64' ]
58 verbose reify failed optional dependency /home/node/node_modules/esbuild-openbsd-64
59 silly reify mark deleted [ '/home/node/node_modules/esbuild-openbsd-64' ]
60 verbose reify failed optional dependency /home/node/node_modules/esbuild-netbsd-64
61 silly reify mark deleted [ '/home/node/node_modules/esbuild-netbsd-64' ]
62 verbose reify failed optional dependency /home/node/node_modules/esbuild-linux-s390x
63 silly reify mark deleted [ '/home/node/node_modules/esbuild-linux-s390x' ]
64 verbose reify failed optional dependency /home/node/node_modules/esbuild-linux-riscv64
65 silly reify mark deleted [ '/home/node/node_modules/esbuild-linux-riscv64' ]
66 verbose reify failed optional dependency /home/node/node_modules/esbuild-linux-ppc64le
67 silly reify mark deleted [ '/home/node/node_modules/esbuild-linux-ppc64le' ]
68 verbose reify failed optional dependency /home/node/node_modules/esbuild-linux-mips64le
69 silly reify mark deleted [ '/home/node/node_modules/esbuild-linux-mips64le' ]
70 verbose reify failed optional dependency /home/node/node_modules/esbuild-linux-arm
71 silly reify mark deleted [ '/home/node/node_modules/esbuild-linux-arm' ]
72 verbose reify failed optional dependency /home/node/node_modules/esbuild-linux-64
73 silly reify mark deleted [ '/home/node/node_modules/esbuild-linux-64' ]
74 verbose reify failed optional dependency /home/node/node_modules/esbuild-linux-32
75 silly reify mark deleted [ '/home/node/node_modules/esbuild-linux-32' ]
76 verbose reify failed optional dependency /home/node/node_modules/esbuild-freebsd-arm64
77 silly reify mark deleted [ '/home/node/node_modules/esbuild-freebsd-arm64' ]
78 verbose reify failed optional dependency /home/node/node_modules/esbuild-freebsd-64
79 silly reify mark deleted [ '/home/node/node_modules/esbuild-freebsd-64' ]
80 verbose reify failed optional dependency /home/node/node_modules/esbuild-darwin-arm64
81 silly reify mark deleted [ '/home/node/node_modules/esbuild-darwin-arm64' ]
82 verbose reify failed optional dependency /home/node/node_modules/esbuild-darwin-64
83 silly reify mark deleted [ '/home/node/node_modules/esbuild-darwin-64' ]
84 verbose reify failed optional dependency /home/node/node_modules/esbuild-android-arm64
85 silly reify mark deleted [ '/home/node/node_modules/esbuild-android-arm64' ]
86 verbose reify failed optional dependency /home/node/node_modules/esbuild-android-64
87 silly reify mark deleted [ '/home/node/node_modules/esbuild-android-64' ]
88 verbose reify failed optional dependency /home/node/node_modules/@esbuild/linux-loong64
89 silly reify mark deleted [ '/home/node/node_modules/@esbuild/linux-loong64' ]
90 timing reifyNode:node_modules/fsevents Completed in 46ms
91 timing reifyNode:node_modules/esbuild-windows-arm64 Completed in 46ms
92 timing reifyNode:node_modules/esbuild-windows-64 Completed in 47ms
93 timing reifyNode:node_modules/esbuild-windows-32 Completed in 48ms
94 timing reifyNode:node_modules/esbuild-sunos-64 Completed in 49ms
95 timing reifyNode:node_modules/esbuild-openbsd-64 Completed in 50ms
96 timing reifyNode:node_modules/esbuild-netbsd-64 Completed in 50ms
97 timing reifyNode:node_modules/esbuild-linux-s390x Completed in 51ms
98 timing reifyNode:node_modules/esbuild-linux-riscv64 Completed in 51ms
99 timing reifyNode:node_modules/esbuild-linux-ppc64le Completed in 51ms
100 timing reifyNode:node_modules/esbuild-linux-mips64le Completed in 52ms
101 timing reifyNode:node_modules/esbuild-linux-arm Completed in 52ms
102 timing reifyNode:node_modules/esbuild-linux-64 Completed in 53ms
103 timing reifyNode:node_modules/esbuild-linux-32 Completed in 53ms
104 timing reifyNode:node_modules/esbuild-freebsd-arm64 Completed in 54ms
105 timing reifyNode:node_modules/esbuild-freebsd-64 Completed in 54ms
106 timing reifyNode:node_modules/esbuild-darwin-arm64 Completed in 55ms
107 timing reifyNode:node_modules/esbuild-darwin-64 Completed in 56ms
108 timing reifyNode:node_modules/esbuild-android-arm64 Completed in 56ms
109 timing reifyNode:node_modules/esbuild-android-64 Completed in 57ms
110 timing reifyNode:node_modules/@esbuild/linux-loong64 Completed in 57ms
111 silly tarball no local data for xmlhttprequest-ssl@https://registry.npmjs.org/xmlhttprequest-ssl/-/xmlhttprequest-ssl-2.0.0.tgz. Extracting by manifest.
112 silly tarball no local data for up@https://registry.npmjs.org/up/-/up-1.0.2.tgz. Extracting by manifest.
113 silly tarball no local data for undefsafe@https://registry.npmjs.org/undefsafe/-/undefsafe-2.0.5.tgz. Extracting by manifest.
114 silly tarball no local data for touch@https://registry.npmjs.org/touch/-/touch-3.1.0.tgz. Extracting by manifest.
115 silly tarball no local data for supports-preserve-symlinks-flag@https://registry.npmjs.org/supports-preserve-symlinks-flag/-/supports-preserve-symlinks-flag-1.0.0.tgz. Extracting by manifest.
116 silly tarball no local data for to-regex-range@https://registry.npmjs.org/to-regex-range/-/to-regex-range-5.0.1.tgz. Extracting by manifest.
117 silly tarball no local data for socket.io-adapter@https://registry.npmjs.org/socket.io-adapter/-/socket.io-adapter-2.4.0.tgz. Extracting by manifest.
118 silly tarball no local data for vary@https://registry.npmjs.org/vary/-/vary-1.1.2.tgz. Extracting by manifest.
119 silly tarball no local data for vite@https://registry.npmjs.org/vite/-/vite-3.1.2.tgz. Extracting by manifest.
120 silly tarball no local data for source-map-js@https://registry.npmjs.org/source-map-js/-/source-map-js-1.0.2.tgz. Extracting by manifest.
121 silly tarball no local data for rollup@https://registry.npmjs.org/rollup/-/rollup-2.78.1.tgz. Extracting by manifest.
122 silly tarball no local data for readdirp@https://registry.npmjs.org/readdirp/-/readdirp-3.6.0.tgz. Extracting by manifest.
123 silly tarball no local data for semver@https://registry.npmjs.org/semver/-/semver-5.7.1.tgz. Extracting by manifest.
124 silly tarball no local data for socket.io@https://registry.npmjs.org/socket.io/-/socket.io-4.5.2.tgz. Extracting by manifest.
125 silly tarball no local data for simple-update-notifier@https://registry.npmjs.org/simple-update-notifier/-/simple-update-notifier-1.0.7.tgz. Extracting by manifest.
126 silly tarball no local data for postcss@https://registry.npmjs.org/postcss/-/postcss-8.4.16.tgz. Extracting by manifest.
127 silly tarball no local data for pstree.remy@https://registry.npmjs.org/pstree.remy/-/pstree.remy-1.1.8.tgz. Extracting by manifest.
128 silly tarball no local data for picocolors@https://registry.npmjs.org/picocolors/-/picocolors-1.0.0.tgz. Extracting by manifest.
129 silly tarball no local data for resolve@https://registry.npmjs.org/resolve/-/resolve-1.22.1.tgz. Extracting by manifest.
130 silly tarball no local data for object-assign@https://registry.npmjs.org/object-assign/-/object-assign-4.1.1.tgz. Extracting by manifest.
131 silly tarball no local data for socket.io-client@https://registry.npmjs.org/socket.io-client/-/socket.io-client-4.5.2.tgz. Extracting by manifest.
132 silly tarball no local data for normalize-path@https://registry.npmjs.org/normalize-path/-/normalize-path-3.0.0.tgz. Extracting by manifest.
133 silly tarball no local data for picomatch@https://registry.npmjs.org/picomatch/-/picomatch-2.3.1.tgz. Extracting by manifest.
134 silly tarball no local data for nopt@https://registry.npmjs.org/nopt/-/nopt-1.0.10.tgz. Extracting by manifest.
135 silly tarball no local data for negotiator@https://registry.npmjs.org/negotiator/-/negotiator-0.6.3.tgz. Extracting by manifest.
136 silly tarball no local data for nanoid@https://registry.npmjs.org/nanoid/-/nanoid-3.3.4.tgz. Extracting by manifest.
137 silly tarball no local data for path-parse@https://registry.npmjs.org/path-parse/-/path-parse-1.0.7.tgz. Extracting by manifest.
138 silly tarball no local data for is-extglob@https://registry.npmjs.org/is-extglob/-/is-extglob-2.1.1.tgz. Extracting by manifest.
139 silly tarball no local data for is-number@https://registry.npmjs.org/is-number/-/is-number-7.0.0.tgz. Extracting by manifest.
140 silly tarball no local data for mime-db@https://registry.npmjs.org/mime-db/-/mime-db-1.52.0.tgz. Extracting by manifest.
141 silly tarball no local data for nodemon@https://registry.npmjs.org/nodemon/-/nodemon-2.0.20.tgz. Extracting by manifest.
142 silly tarball no local data for fill-range@https://registry.npmjs.org/fill-range/-/fill-range-7.0.1.tgz. Extracting by manifest.
143 silly tarball no local data for ignore-by-default@https://registry.npmjs.org/ignore-by-default/-/ignore-by-default-1.0.1.tgz. Extracting by manifest.
144 silly tarball no local data for is-core-module@https://registry.npmjs.org/is-core-module/-/is-core-module-2.10.0.tgz. Extracting by manifest.
145 silly tarball no local data for has-flag@https://registry.npmjs.org/has-flag/-/has-flag-3.0.0.tgz. Extracting by manifest.
146 silly tarball no local data for is-binary-path@https://registry.npmjs.org/is-binary-path/-/is-binary-path-2.1.0.tgz. Extracting by manifest.
147 silly tarball no local data for mime-types@https://registry.npmjs.org/mime-types/-/mime-types-2.1.35.tgz. Extracting by manifest.
148 silly tarball no local data for supports-color@https://registry.npmjs.org/supports-color/-/supports-color-5.5.0.tgz. Extracting by manifest.
149 silly tarball no local data for minimatch@https://registry.npmjs.org/minimatch/-/minimatch-3.1.2.tgz. Extracting by manifest.
150 silly tarball no local data for has@https://registry.npmjs.org/has/-/has-1.0.3.tgz. Extracting by manifest.
151 silly tarball no local data for glob-parent@https://registry.npmjs.org/glob-parent/-/glob-parent-5.1.2.tgz. Extracting by manifest.
152 silly tarball no local data for engine.io-parser@https://registry.npmjs.org/engine.io-parser/-/engine.io-parser-5.0.4.tgz. Extracting by manifest.
153 silly tarball no local data for esbuild@https://registry.npmjs.org/esbuild/-/esbuild-0.15.7.tgz. Extracting by manifest.
154 silly tarball no local data for concat-map@https://registry.npmjs.org/concat-map/-/concat-map-0.0.1.tgz. Extracting by manifest.
155 silly tarball no local data for socket.io-parser@https://registry.npmjs.org/socket.io-parser/-/socket.io-parser-4.2.1.tgz. Extracting by manifest.
156 silly tarball no local data for engine.io@https://registry.npmjs.org/engine.io/-/engine.io-6.2.0.tgz. Extracting by manifest.
157 silly tarball no local data for cors@https://registry.npmjs.org/cors/-/cors-2.8.5.tgz. Extracting by manifest.
158 silly tarball no local data for chokidar@https://registry.npmjs.org/chokidar/-/chokidar-3.5.3.tgz. Extracting by manifest.
159 silly tarball no local data for is-glob@https://registry.npmjs.org/is-glob/-/is-glob-4.0.3.tgz. Extracting by manifest.
160 silly tarball no local data for binary-extensions@https://registry.npmjs.org/binary-extensions/-/binary-extensions-2.2.0.tgz. Extracting by manifest.
161 silly tarball no local data for braces@https://registry.npmjs.org/braces/-/braces-3.0.2.tgz. Extracting by manifest.
162 silly tarball no local data for anymatch@https://registry.npmjs.org/anymatch/-/anymatch-3.1.2.tgz. Extracting by manifest.
163 silly tarball no local data for @types/node@https://registry.npmjs.org/@types/node/-/node-18.7.18.tgz. Extracting by manifest.
164 silly tarball no local data for esbuild-linux-arm64@https://registry.npmjs.org/esbuild-linux-arm64/-/esbuild-linux-arm64-0.15.7.tgz. Extracting by manifest.
165 silly tarball no local data for brace-expansion@https://registry.npmjs.org/brace-expansion/-/brace-expansion-1.1.11.tgz. Extracting by manifest.
166 silly tarball no local data for base64id@https://registry.npmjs.org/base64id/-/base64id-2.0.0.tgz. Extracting by manifest.
167 silly tarball no local data for abbrev@https://registry.npmjs.org/abbrev/-/abbrev-1.1.1.tgz. Extracting by manifest.
168 silly tarball no local data for engine.io-client@https://registry.npmjs.org/engine.io-client/-/engine.io-client-6.2.2.tgz. Extracting by manifest.
169 silly tarball no local data for function-bind@https://registry.npmjs.org/function-bind/-/function-bind-1.1.1.tgz. Extracting by manifest.
170 silly tarball no local data for accepts@https://registry.npmjs.org/accepts/-/accepts-1.3.8.tgz. Extracting by manifest.
171 silly tarball no local data for @types/cookie@https://registry.npmjs.org/@types/cookie/-/cookie-0.4.1.tgz. Extracting by manifest.
172 silly tarball no local data for @types/cors@https://registry.npmjs.org/@types/cors/-/cors-2.8.12.tgz. Extracting by manifest.
173 silly tarball no local data for @socket.io/component-emitter@https://registry.npmjs.org/@socket.io/component-emitter/-/component-emitter-3.1.0.tgz. Extracting by manifest.
174 silly tarball no local data for debug@https://registry.npmjs.org/debug/-/debug-4.3.4.tgz. Extracting by manifest.
175 silly tarball no local data for ms@https://registry.npmjs.org/ms/-/ms-2.1.3.tgz. Extracting by manifest.
176 silly tarball no local data for debug@https://registry.npmjs.org/debug/-/debug-3.2.7.tgz. Extracting by manifest.
177 silly tarball no local data for ms@https://registry.npmjs.org/ms/-/ms-2.1.2.tgz. Extracting by manifest.
178 silly tarball no local data for ms@https://registry.npmjs.org/ms/-/ms-2.1.2.tgz. Extracting by manifest.
179 silly tarball no local data for semver@https://registry.npmjs.org/semver/-/semver-7.0.0.tgz. Extracting by manifest.
180 silly tarball no local data for debug@https://registry.npmjs.org/debug/-/debug-4.3.4.tgz. Extracting by manifest.
181 silly tarball no local data for ms@https://registry.npmjs.org/ms/-/ms-2.1.2.tgz. Extracting by manifest.
182 silly tarball no local data for balanced-match@https://registry.npmjs.org/balanced-match/-/balanced-match-1.0.2.tgz. Extracting by manifest.
183 silly tarball no local data for ws@https://registry.npmjs.org/ws/-/ws-8.2.3.tgz. Extracting by manifest.
184 silly tarball no local data for ws@https://registry.npmjs.org/ws/-/ws-8.2.3.tgz. Extracting by manifest.
185 silly tarball no local data for ms@https://registry.npmjs.org/ms/-/ms-2.1.2.tgz. Extracting by manifest.
186 silly tarball no local data for ms@https://registry.npmjs.org/ms/-/ms-2.1.2.tgz. Extracting by manifest.
187 silly tarball no local data for debug@https://registry.npmjs.org/debug/-/debug-4.3.4.tgz. Extracting by manifest.
188 silly tarball no local data for cookie@https://registry.npmjs.org/cookie/-/cookie-0.4.2.tgz. Extracting by manifest.
189 silly tarball no local data for debug@https://registry.npmjs.org/debug/-/debug-4.3.4.tgz. Extracting by manifest.
190 silly tarball no local data for debug@https://registry.npmjs.org/debug/-/debug-4.3.4.tgz. Extracting by manifest.
191 http fetch POST 200 https://registry.npmjs.org/-/npm/v1/security/advisories/bulk 532ms
192 timing auditReport:getReport Completed in 538ms
193 silly audit report {}
194 timing auditReport:init Completed in 0ms
195 timing reify:audit Completed in 541ms
196 http fetch GET 200 https://registry.npmjs.org/npm 1385ms (cache miss)
197 http fetch GET 200 https://registry.npmjs.org/simple-update-notifier/-/simple-update-notifier-1.0.7.tgz 934ms (cache miss)
198 timing reifyNode:node_modules/simple-update-notifier Completed in 1289ms
199 http fetch GET 200 https://registry.npmjs.org/to-regex-range/-/to-regex-range-5.0.1.tgz 1723ms (cache miss)
200 timing reifyNode:node_modules/to-regex-range Completed in 1908ms
201 http fetch GET 200 https://registry.npmjs.org/undefsafe/-/undefsafe-2.0.5.tgz 1882ms (cache miss)
202 timing reifyNode:node_modules/undefsafe Completed in 2051ms
203 http fetch GET 200 https://registry.npmjs.org/touch/-/touch-3.1.0.tgz 1926ms (cache miss)
204 timing reifyNode:node_modules/touch Completed in 2102ms
205 http fetch GET 200 https://registry.npmjs.org/vary/-/vary-1.1.2.tgz 1978ms (cache miss)
206 timing reifyNode:node_modules/vary Completed in 2169ms
207 http fetch GET 200 https://registry.npmjs.org/is-binary-path/-/is-binary-path-2.1.0.tgz 1907ms (cache miss)
208 timing reifyNode:node_modules/is-binary-path Completed in 2214ms
209 http fetch GET 200 https://registry.npmjs.org/has-flag/-/has-flag-3.0.0.tgz 1934ms (cache miss)
210 timing reifyNode:node_modules/has-flag Completed in 2235ms
211 http fetch GET 200 https://registry.npmjs.org/is-glob/-/is-glob-4.0.3.tgz 1901ms (cache miss)
212 timing reifyNode:node_modules/is-glob Completed in 2253ms
213 http fetch GET 200 https://registry.npmjs.org/cors/-/cors-2.8.5.tgz 1921ms (cache miss)
214 timing reifyNode:node_modules/cors Completed in 2259ms
215 http fetch GET 200 https://registry.npmjs.org/anymatch/-/anymatch-3.1.2.tgz 1911ms (cache miss)
216 timing reifyNode:node_modules/anymatch Completed in 2268ms
217 http fetch GET 200 https://registry.npmjs.org/ms/-/ms-2.1.2.tgz 1845ms (cache miss)
218 timing reifyNode:node_modules/engine.io/node_modules/ms Completed in 2290ms
219 http fetch GET 200 https://registry.npmjs.org/socket.io-adapter/-/socket.io-adapter-2.4.0.tgz 2114ms (cache miss)
220 timing reifyNode:node_modules/socket.io-adapter Completed in 2302ms
221 http fetch GET 200 https://registry.npmjs.org/normalize-path/-/normalize-path-3.0.0.tgz 2076ms (cache miss)
222 timing reifyNode:node_modules/normalize-path Completed in 2318ms
223 http fetch GET 200 https://registry.npmjs.org/mime-types/-/mime-types-2.1.35.tgz 2027ms (cache miss)
224 timing reifyNode:node_modules/mime-types Completed in 2335ms
225 http fetch GET 200 https://registry.npmjs.org/ms/-/ms-2.1.2.tgz 1930ms (cache miss)
226 timing reifyNode:node_modules/engine.io-client/node_modules/ms Completed in 2345ms
227 http fetch GET 200 https://registry.npmjs.org/object-assign/-/object-assign-4.1.1.tgz 2128ms (cache miss)
228 timing reifyNode:node_modules/object-assign Completed in 2368ms
229 http fetch GET 200 https://registry.npmjs.org/picocolors/-/picocolors-1.0.0.tgz 2147ms (cache miss)
230 timing reifyNode:node_modules/picocolors Completed in 2384ms
231 http fetch GET 200 https://registry.npmjs.org/debug/-/debug-4.3.4.tgz 2015ms (cache miss)
232 timing reifyNode:node_modules/socket.io-client/node_modules/debug Completed in 2410ms
233 http fetch GET 200 https://registry.npmjs.org/ms/-/ms-2.1.2.tgz 2024ms (cache miss)
234 timing reifyNode:node_modules/socket.io/node_modules/ms Completed in 2431ms
235 http fetch GET 200 https://registry.npmjs.org/ms/-/ms-2.1.2.tgz 2026ms (cache miss)
236 timing reifyNode:node_modules/socket.io-parser/node_modules/ms Completed in 2435ms
237 http fetch GET 200 https://registry.npmjs.org/@types/cookie/-/cookie-0.4.1.tgz 2058ms (cache miss)
238 timing reifyNode:node_modules/@types/cookie Completed in 2450ms
239 http fetch GET 200 https://registry.npmjs.org/path-parse/-/path-parse-1.0.7.tgz 2201ms (cache miss)
240 timing reifyNode:node_modules/path-parse Completed in 2468ms
241 http fetch GET 200 https://registry.npmjs.org/@socket.io/component-emitter/-/component-emitter-3.1.0.tgz 2083ms (cache miss)
242 timing reifyNode:node_modules/@socket.io/component-emitter Completed in 2474ms
243 http fetch GET 200 https://registry.npmjs.org/@types/cors/-/cors-2.8.12.tgz 2102ms (cache miss)
244 timing reifyNode:node_modules/@types/cors Completed in 2491ms
245 http fetch GET 200 https://registry.npmjs.org/debug/-/debug-4.3.4.tgz 1977ms (cache miss)
246 timing reifyNode:node_modules/engine.io/node_modules/debug Completed in 2501ms
247 http fetch GET 200 https://registry.npmjs.org/balanced-match/-/balanced-match-1.0.2.tgz 2089ms (cache miss)
248 timing reifyNode:node_modules/balanced-match Completed in 2509ms
249 http fetch GET 200 https://registry.npmjs.org/readdirp/-/readdirp-3.6.0.tgz 2336ms (cache miss)
250 timing reifyNode:node_modules/readdirp Completed in 2542ms
251 http fetch GET 200 https://registry.npmjs.org/ms/-/ms-2.1.2.tgz 2107ms (cache miss)
252 timing reifyNode:node_modules/socket.io-client/node_modules/ms Completed in 2546ms
253 http fetch GET 200 https://registry.npmjs.org/cookie/-/cookie-0.4.2.tgz 2046ms (cache miss)
254 timing reifyNode:node_modules/engine.io/node_modules/cookie Completed in 2549ms
255 http fetch GET 200 https://registry.npmjs.org/is-extglob/-/is-extglob-2.1.1.tgz 2285ms (cache miss)
256 timing reifyNode:node_modules/is-extglob Completed in 2555ms
257 http fetch GET 200 https://registry.npmjs.org/ignore-by-default/-/ignore-by-default-1.0.1.tgz 2269ms (cache miss)
258 timing reifyNode:node_modules/ignore-by-default Completed in 2561ms
259 http fetch GET 200 https://registry.npmjs.org/is-number/-/is-number-7.0.0.tgz 2307ms (cache miss)
260 timing reifyNode:node_modules/is-number Completed in 2580ms
261 http fetch GET 200 https://registry.npmjs.org/supports-color/-/supports-color-5.5.0.tgz 2297ms (cache miss)
262 timing reifyNode:node_modules/supports-color Completed in 2612ms
263 http fetch GET 200 https://registry.npmjs.org/xmlhttprequest-ssl/-/xmlhttprequest-ssl-2.0.0.tgz 2464ms (cache miss)
264 timing reifyNode:node_modules/xmlhttprequest-ssl Completed in 2625ms
265 http fetch GET 200 https://registry.npmjs.org/fill-range/-/fill-range-7.0.1.tgz 2351ms (cache miss)
266 timing reifyNode:node_modules/fill-range Completed in 2639ms
267 http fetch GET 200 https://registry.npmjs.org/glob-parent/-/glob-parent-5.1.2.tgz 2328ms (cache miss)
268 timing reifyNode:node_modules/glob-parent Completed in 2652ms
269 http fetch GET 200 https://registry.npmjs.org/abbrev/-/abbrev-1.1.1.tgz 2286ms (cache miss)
270 timing reifyNode:node_modules/abbrev Completed in 2659ms
271 http fetch GET 200 https://registry.npmjs.org/brace-expansion/-/brace-expansion-1.1.11.tgz 2305ms (cache miss)
272 timing reifyNode:node_modules/brace-expansion Completed in 2670ms
273 http fetch GET 200 https://registry.npmjs.org/binary-extensions/-/binary-extensions-2.2.0.tgz 2324ms (cache miss)
274 timing reifyNode:node_modules/binary-extensions Completed in 2678ms
275 http fetch GET 200 https://registry.npmjs.org/supports-preserve-symlinks-flag/-/supports-preserve-symlinks-flag-1.0.0.tgz 2510ms (cache miss)
276 timing reifyNode:node_modules/supports-preserve-symlinks-flag Completed in 2689ms
277 http fetch GET 200 https://registry.npmjs.org/ms/-/ms-2.1.3.tgz 2298ms (cache miss)
278 timing reifyNode:node_modules/nodemon/node_modules/ms Completed in 2696ms
279 http fetch GET 200 https://registry.npmjs.org/accepts/-/accepts-1.3.8.tgz 2322ms (cache miss)
280 timing reifyNode:node_modules/accepts Completed in 2701ms
281 http fetch GET 200 https://registry.npmjs.org/debug/-/debug-4.3.4.tgz 2252ms (cache miss)
282 timing reifyNode:node_modules/socket.io-parser/node_modules/debug Completed in 2711ms
283 http fetch GET 200 https://registry.npmjs.org/debug/-/debug-4.3.4.tgz 2301ms (cache miss)
284 timing reifyNode:node_modules/socket.io/node_modules/debug Completed in 2716ms
285 http fetch GET 200 https://registry.npmjs.org/has/-/has-1.0.3.tgz 2399ms (cache miss)
286 timing reifyNode:node_modules/has Completed in 2721ms
287 http fetch GET 200 https://registry.npmjs.org/base64id/-/base64id-2.0.0.tgz 2360ms (cache miss)
288 timing reifyNode:node_modules/base64id Completed in 2729ms
289 http fetch GET 200 https://registry.npmjs.org/pstree.remy/-/pstree.remy-1.1.8.tgz 2509ms (cache miss)
290 timing reifyNode:node_modules/pstree.remy Completed in 2742ms
291 http fetch GET 200 https://registry.npmjs.org/negotiator/-/negotiator-0.6.3.tgz 2498ms (cache miss)
292 timing reifyNode:node_modules/negotiator Completed in 2751ms
293 http fetch GET 200 https://registry.npmjs.org/concat-map/-/concat-map-0.0.1.tgz 2425ms (cache miss)
294 timing reifyNode:node_modules/concat-map Completed in 2757ms
295 http fetch GET 200 https://registry.npmjs.org/minimatch/-/minimatch-3.1.2.tgz 2457ms (cache miss)
296 timing reifyNode:node_modules/minimatch Completed in 2777ms
297 http fetch GET 200 https://registry.npmjs.org/semver/-/semver-5.7.1.tgz 2581ms (cache miss)
298 timing reifyNode:node_modules/semver Completed in 2791ms
299 http fetch GET 200 https://registry.npmjs.org/function-bind/-/function-bind-1.1.1.tgz 2422ms (cache miss)
300 timing reifyNode:node_modules/function-bind Completed in 2801ms
301 http fetch GET 200 https://registry.npmjs.org/nopt/-/nopt-1.0.10.tgz 2574ms (cache miss)
302 timing reifyNode:node_modules/nopt Completed in 2825ms
303 http fetch GET 200 https://registry.npmjs.org/is-core-module/-/is-core-module-2.10.0.tgz 2572ms (cache miss)
304 timing reifyNode:node_modules/is-core-module Completed in 2866ms
305 http fetch GET 200 https://registry.npmjs.org/picomatch/-/picomatch-2.3.1.tgz 2630ms (cache miss)
306 timing reifyNode:node_modules/picomatch Completed in 2881ms
307 http fetch GET 200 https://registry.npmjs.org/debug/-/debug-4.3.4.tgz 2407ms (cache miss)
308 timing reifyNode:node_modules/engine.io-client/node_modules/debug Completed in 2930ms
309 http fetch GET 200 https://registry.npmjs.org/esbuild/-/esbuild-0.15.7.tgz 2610ms (cache miss)
310 timing reifyNode:node_modules/esbuild Completed in 2939ms
311 http fetch GET 200 https://registry.npmjs.org/braces/-/braces-3.0.2.tgz 2627ms (cache miss)
312 timing reifyNode:node_modules/braces Completed in 2982ms
313 http fetch GET 200 https://registry.npmjs.org/mime-db/-/mime-db-1.52.0.tgz 2711ms (cache miss)
314 timing reifyNode:node_modules/mime-db Completed in 2988ms
315 http fetch GET 200 https://registry.npmjs.org/up/-/up-1.0.2.tgz 2830ms (cache miss)
316 timing reifyNode:node_modules/up Completed in 2996ms
317 http fetch GET 200 https://registry.npmjs.org/chokidar/-/chokidar-3.5.3.tgz 2652ms (cache miss)
318 timing reifyNode:node_modules/chokidar Completed in 2997ms
319 http fetch GET 200 https://registry.npmjs.org/debug/-/debug-3.2.7.tgz 2642ms (cache miss)
320 timing reifyNode:node_modules/nodemon/node_modules/debug Completed in 3043ms
321 http fetch GET 200 https://registry.npmjs.org/nanoid/-/nanoid-3.3.4.tgz 2796ms (cache miss)
322 timing reifyNode:node_modules/nanoid Completed in 3057ms
323 http fetch GET 200 https://registry.npmjs.org/socket.io-parser/-/socket.io-parser-4.2.1.tgz 2730ms (cache miss)
324 timing reifyNode:node_modules/socket.io-parser Completed in 3064ms
325 http fetch GET 200 https://registry.npmjs.org/source-map-js/-/source-map-js-1.0.2.tgz 2967ms (cache miss)
326 timing reifyNode:node_modules/source-map-js Completed in 3166ms
327 http fetch GET 200 https://registry.npmjs.org/engine.io-parser/-/engine.io-parser-5.0.4.tgz 2875ms (cache miss)
328 timing reifyNode:node_modules/engine.io-parser Completed in 3201ms
329 http fetch GET 200 https://registry.npmjs.org/ws/-/ws-8.2.3.tgz 2780ms (cache miss)
330 timing reifyNode:node_modules/engine.io/node_modules/ws Completed in 3209ms
331 http fetch GET 200 https://registry.npmjs.org/ws/-/ws-8.2.3.tgz 2821ms (cache miss)
332 timing reifyNode:node_modules/engine.io-client/node_modules/ws Completed in 3251ms
333 http fetch GET 200 https://registry.npmjs.org/postcss/-/postcss-8.4.16.tgz 3069ms (cache miss)
334 timing reifyNode:node_modules/postcss Completed in 3302ms
335 http fetch GET 200 https://registry.npmjs.org/engine.io/-/engine.io-6.2.0.tgz 3023ms (cache miss)
336 timing reifyNode:node_modules/engine.io Completed in 3357ms
337 http fetch GET 200 https://registry.npmjs.org/nodemon/-/nodemon-2.0.20.tgz 3189ms (cache miss)
338 timing reifyNode:node_modules/nodemon Completed in 3471ms
339 http fetch GET 200 https://registry.npmjs.org/semver/-/semver-7.0.0.tgz 3098ms (cache miss)
340 timing reifyNode:node_modules/simple-update-notifier/node_modules/semver Completed in 3508ms
341 http fetch GET 200 https://registry.npmjs.org/socket.io/-/socket.io-4.5.2.tgz 3614ms (cache miss)
342 timing reifyNode:node_modules/socket.io Completed in 3830ms
343 http fetch GET 200 https://registry.npmjs.org/socket.io-client/-/socket.io-client-4.5.2.tgz 3818ms (cache miss)
344 timing reifyNode:node_modules/socket.io-client Completed in 4074ms
345 http fetch GET 200 https://registry.npmjs.org/engine.io-client/-/engine.io-client-6.2.2.tgz 3719ms (cache miss)
346 timing reifyNode:node_modules/engine.io-client Completed in 4092ms
347 http fetch GET 200 https://registry.npmjs.org/@types/node/-/node-18.7.18.tgz 3884ms (cache miss)
348 timing reifyNode:node_modules/@types/node Completed in 4242ms
349 http fetch GET 200 https://registry.npmjs.org/resolve/-/resolve-1.22.1.tgz 4077ms (cache miss)
350 timing reifyNode:node_modules/resolve Completed in 4313ms
351 http fetch GET 200 https://registry.npmjs.org/vite/-/vite-3.1.2.tgz 4403ms (cache miss)
352 timing reifyNode:node_modules/vite Completed in 4600ms
353 http fetch GET 200 https://registry.npmjs.org/rollup/-/rollup-2.78.1.tgz 5046ms (cache miss)
354 timing reifyNode:node_modules/rollup Completed in 5249ms
355 http fetch GET 200 https://registry.npmjs.org/esbuild-linux-arm64/-/esbuild-linux-arm64-0.15.7.tgz 5074ms (cache miss)
356 timing reifyNode:node_modules/esbuild-linux-arm64 Completed in 5436ms
357 timing reify:unpack Completed in 5439ms
