0 verbose cli /usr/local/bin/node /usr/local/bin/npm
1 info using npm@8.6.0
2 info using node@v18.0.0
3 timing npm:load:whichnode Completed in 0ms
4 timing config:load:defaults Completed in 0ms
5 timing config:load:file:/usr/local/lib/node_modules/npm/npmrc Completed in 0ms
6 timing config:load:builtin Completed in 1ms
7 timing config:load:cli Completed in 1ms
8 timing config:load:env Completed in 0ms
9 timing config:load:project Completed in 6ms
10 timing config:load:file:/home/node/.npmrc Completed in 1ms
11 timing config:load:user Completed in 1ms
12 timing config:load:file:/usr/local/etc/npmrc Completed in 0ms
13 timing config:load:global Completed in 0ms
14 timing config:load:validate Completed in 1ms
15 timing config:load:credentials Completed in 0ms
16 timing config:load:setEnvs Completed in 1ms
17 timing config:load Completed in 12ms
18 timing npm:load:configload Completed in 13ms
19 timing npm:load:mkdirpcache Completed in 5ms
20 timing npm:load:mkdirplogs Completed in 3ms
21 verbose title npm i
22 verbose argv "i"
23 timing npm:load:setTitle Completed in 1ms
24 timing config:load:flatten Completed in 2ms
25 timing npm:load:display Completed in 3ms
26 verbose logfile logs-max:10 dir:/home/node/.npm/_logs
27 verbose logfile /home/node/.npm/_logs/2022-09-23T06_39_45_214Z-debug-0.log
28 timing npm:load:logFile Completed in 23ms
29 timing npm:load:timers Completed in 1ms
30 timing npm:load:configScope Completed in 0ms
31 timing npm:load Completed in 51ms
32 timing arborist:ctor Completed in 1ms
33 silly logfile done cleaning log files
34 timing idealTree:init Completed in 56ms
35 timing idealTree:userRequests Completed in 0ms
36 silly idealTree buildDeps
37 timing idealTree:#root Completed in 0ms
38 timing idealTree:buildDeps Completed in 3ms
39 timing idealTree:fixDepFlags Completed in 0ms
40 timing idealTree Completed in 65ms
41 timing reify:loadTrees Completed in 70ms
42 timing reify:diffTrees Completed in 2ms
43 silly reify moves {}
44 timing reify:retireShallow Completed in 1ms
45 timing reify:createSparse Completed in 558ms
46 timing reify:loadBundles Completed in 0ms
47 silly audit bulk request {
47 silly audit   '@esbuild/linux-loong64': [ '0.15.7' ],
47 silly audit   '@socket.io/component-emitter': [ '3.1.0' ],
47 silly audit   '@types/cookie': [ '0.4.1' ],
47 silly audit   '@types/cors': [ '2.8.12' ],
47 silly audit   '@types/node': [ '18.7.18' ],
47 silly audit   abbrev: [ '1.1.1' ],
47 silly audit   accepts: [ '1.3.8' ],
47 silly audit   anymatch: [ '3.1.2' ],
47 silly audit   'balanced-match': [ '1.0.2' ],
47 silly audit   base64id: [ '2.0.0' ],
47 silly audit   'binary-extensions': [ '2.2.0' ],
47 silly audit   'brace-expansion': [ '1.1.11' ],
47 silly audit   braces: [ '3.0.2' ],
47 silly audit   chokidar: [ '3.5.3' ],
47 silly audit   'concat-map': [ '0.0.1' ],
47 silly audit   cors: [ '2.8.5' ],
47 silly audit   'engine.io': [ '6.2.0' ],
47 silly audit   'engine.io-client': [ '6.2.2' ],
47 silly audit   debug: [ '4.3.4', '3.2.7' ],
47 silly audit   ms: [ '2.1.2', '2.1.3' ],
47 silly audit   ws: [ '8.2.3' ],
47 silly audit   'engine.io-parser': [ '5.0.4' ],
47 silly audit   cookie: [ '0.4.2' ],
47 silly audit   esbuild: [ '0.15.7' ],
47 silly audit   'esbuild-android-64': [ '0.15.7' ],
47 silly audit   'esbuild-android-arm64': [ '0.15.7' ],
47 silly audit   'esbuild-darwin-64': [ '0.15.7' ],
47 silly audit   'esbuild-darwin-arm64': [ '0.15.7' ],
47 silly audit   'esbuild-freebsd-64': [ '0.15.7' ],
47 silly audit   'esbuild-freebsd-arm64': [ '0.15.7' ],
47 silly audit   'esbuild-linux-32': [ '0.15.7' ],
47 silly audit   'esbuild-linux-64': [ '0.15.7' ],
47 silly audit   'esbuild-linux-arm': [ '0.15.7' ],
47 silly audit   'esbuild-linux-arm64': [ '0.15.7' ],
47 silly audit   'esbuild-linux-mips64le': [ '0.15.7' ],
47 silly audit   'esbuild-linux-ppc64le': [ '0.15.7' ],
47 silly audit   'esbuild-linux-riscv64': [ '0.15.7' ],
47 silly audit   'esbuild-linux-s390x': [ '0.15.7' ],
47 silly audit   'esbuild-netbsd-64': [ '0.15.7' ],
47 silly audit   'esbuild-openbsd-64': [ '0.15.7' ],
47 silly audit   'esbuild-sunos-64': [ '0.15.7' ],
47 silly audit   'esbuild-windows-32': [ '0.15.7' ],
47 silly audit   'esbuild-windows-64': [ '0.15.7' ],
47 silly audit   'esbuild-windows-arm64': [ '0.15.7' ],
47 silly audit   'fill-range': [ '7.0.1' ],
47 silly audit   fsevents: [ '2.3.2' ],
47 silly audit   'function-bind': [ '1.1.1' ],
47 silly audit   'glob-parent': [ '5.1.2' ],
47 silly audit   has: [ '1.0.3' ],
47 silly audit   'has-flag': [ '3.0.0' ],
47 silly audit   'ignore-by-default': [ '1.0.1' ],
47 silly audit   'is-binary-path': [ '2.1.0' ],
47 silly audit   'is-core-module': [ '2.10.0' ],
47 silly audit   'is-extglob': [ '2.1.1' ],
47 silly audit   'is-glob': [ '4.0.3' ],
47 silly audit   'is-number': [ '7.0.0' ],
47 silly audit   'mime-db': [ '1.52.0' ],
47 silly audit   'mime-types': [ '2.1.35' ],
47 silly audit   minimatch: [ '3.1.2' ],
47 silly audit   nanoid: [ '3.3.4' ],
47 silly audit   negotiator: [ '0.6.3' ],
47 silly audit   nodemon: [ '2.0.20' ],
47 silly audit   nopt: [ '1.0.10' ],
47 silly audit   'normalize-path': [ '3.0.0' ],
47 silly audit   'object-assign': [ '4.1.1' ],
47 silly audit   'path-parse': [ '1.0.7' ],
47 silly audit   picocolors: [ '1.0.0' ],
47 silly audit   picomatch: [ '2.3.1' ],
47 silly audit   postcss: [ '8.4.16' ],
47 silly audit   'pstree.remy': [ '1.1.8' ],
47 silly audit   readdirp: [ '3.6.0' ],
47 silly audit   resolve: [ '1.22.1' ],
47 silly audit   rollup: [ '2.78.1' ],
47 silly audit   semver: [ '5.7.1', '7.0.0' ],
47 silly audit   'simple-update-notifier': [ '1.0.7' ],
47 silly audit   'socket.io': [ '4.5.2' ],
47 silly audit   'socket.io-adapter': [ '2.4.0' ],
47 silly audit   'socket.io-client': [ '4.5.2' ],
47 silly audit   'socket.io-parser': [ '4.2.1' ],
47 silly audit   'source-map-js': [ '1.0.2' ],
47 silly audit   'supports-color': [ '5.5.0' ],
47 silly audit   'supports-preserve-symlinks-flag': [ '1.0.0' ],
47 silly audit   'to-regex-range': [ '5.0.1' ],
47 silly audit   touch: [ '3.1.0' ],
47 silly audit   undefsafe: [ '2.0.5' ],
47 silly audit   up: [ '1.0.2' ],
47 silly audit   vary: [ '1.1.2' ],
47 silly audit   vite: [ '3.1.2' ],
47 silly audit   'xmlhttprequest-ssl': [ '2.0.0' ]
47 silly audit }
48 verbose reify failed optional dependency /home/node/node_modules/fsevents
49 silly reify mark deleted [ '/home/node/node_modules/fsevents' ]
50 verbose reify failed optional dependency /home/node/node_modules/esbuild-windows-arm64
51 silly reify mark deleted [ '/home/node/node_modules/esbuild-windows-arm64' ]
52 verbose reify failed optional dependency /home/node/node_modules/esbuild-windows-64
53 silly reify mark deleted [ '/home/node/node_modules/esbuild-windows-64' ]
54 verbose reify failed optional dependency /home/node/node_modules/esbuild-windows-32
55 silly reify mark deleted [ '/home/node/node_modules/esbuild-windows-32' ]
56 verbose reify failed optional dependency /home/node/node_modules/esbuild-sunos-64
57 silly reify mark deleted [ '/home/node/node_modules/esbuild-sunos-64' ]
58 verbose reify failed optional dependency /home/node/node_modules/esbuild-openbsd-64
59 silly reify mark deleted [ '/home/node/node_modules/esbuild-openbsd-64' ]
60 verbose reify failed optional dependency /home/node/node_modules/esbuild-netbsd-64
61 silly reify mark deleted [ '/home/node/node_modules/esbuild-netbsd-64' ]
62 verbose reify failed optional dependency /home/node/node_modules/esbuild-linux-s390x
63 silly reify mark deleted [ '/home/node/node_modules/esbuild-linux-s390x' ]
64 verbose reify failed optional dependency /home/node/node_modules/esbuild-linux-riscv64
65 silly reify mark deleted [ '/home/node/node_modules/esbuild-linux-riscv64' ]
66 verbose reify failed optional dependency /home/node/node_modules/esbuild-linux-ppc64le
67 silly reify mark deleted [ '/home/node/node_modules/esbuild-linux-ppc64le' ]
68 verbose reify failed optional dependency /home/node/node_modules/esbuild-linux-mips64le
69 silly reify mark deleted [ '/home/node/node_modules/esbuild-linux-mips64le' ]
70 verbose reify failed optional dependency /home/node/node_modules/esbuild-linux-arm
71 silly reify mark deleted [ '/home/node/node_modules/esbuild-linux-arm' ]
72 verbose reify failed optional dependency /home/node/node_modules/esbuild-linux-64
73 silly reify mark deleted [ '/home/node/node_modules/esbuild-linux-64' ]
74 verbose reify failed optional dependency /home/node/node_modules/esbuild-linux-32
75 silly reify mark deleted [ '/home/node/node_modules/esbuild-linux-32' ]
76 verbose reify failed optional dependency /home/node/node_modules/esbuild-freebsd-arm64
77 silly reify mark deleted [ '/home/node/node_modules/esbuild-freebsd-arm64' ]
78 verbose reify failed optional dependency /home/node/node_modules/esbuild-freebsd-64
79 silly reify mark deleted [ '/home/node/node_modules/esbuild-freebsd-64' ]
80 verbose reify failed optional dependency /home/node/node_modules/esbuild-darwin-arm64
81 silly reify mark deleted [ '/home/node/node_modules/esbuild-darwin-arm64' ]
82 verbose reify failed optional dependency /home/node/node_modules/esbuild-darwin-64
83 silly reify mark deleted [ '/home/node/node_modules/esbuild-darwin-64' ]
84 verbose reify failed optional dependency /home/node/node_modules/esbuild-android-arm64
85 silly reify mark deleted [ '/home/node/node_modules/esbuild-android-arm64' ]
86 verbose reify failed optional dependency /home/node/node_modules/esbuild-android-64
87 silly reify mark deleted [ '/home/node/node_modules/esbuild-android-64' ]
88 verbose reify failed optional dependency /home/node/node_modules/@esbuild/linux-loong64
89 silly reify mark deleted [ '/home/node/node_modules/@esbuild/linux-loong64' ]
90 timing reifyNode:node_modules/fsevents Completed in 59ms
91 timing reifyNode:node_modules/esbuild-windows-arm64 Completed in 60ms
92 timing reifyNode:node_modules/esbuild-windows-64 Completed in 60ms
93 timing reifyNode:node_modules/esbuild-windows-32 Completed in 61ms
94 timing reifyNode:node_modules/esbuild-sunos-64 Completed in 62ms
95 timing reifyNode:node_modules/esbuild-openbsd-64 Completed in 63ms
96 timing reifyNode:node_modules/esbuild-netbsd-64 Completed in 63ms
97 timing reifyNode:node_modules/esbuild-linux-s390x Completed in 64ms
98 timing reifyNode:node_modules/esbuild-linux-riscv64 Completed in 65ms
99 timing reifyNode:node_modules/esbuild-linux-ppc64le Completed in 65ms
100 timing reifyNode:node_modules/esbuild-linux-mips64le Completed in 66ms
101 timing reifyNode:node_modules/esbuild-linux-arm Completed in 66ms
102 timing reifyNode:node_modules/esbuild-linux-64 Completed in 66ms
103 timing reifyNode:node_modules/esbuild-linux-32 Completed in 67ms
104 timing reifyNode:node_modules/esbuild-freebsd-arm64 Completed in 67ms
105 timing reifyNode:node_modules/esbuild-freebsd-64 Completed in 68ms
106 timing reifyNode:node_modules/esbuild-darwin-arm64 Completed in 69ms
107 timing reifyNode:node_modules/esbuild-darwin-64 Completed in 69ms
108 timing reifyNode:node_modules/esbuild-android-arm64 Completed in 70ms
109 timing reifyNode:node_modules/esbuild-android-64 Completed in 71ms
110 timing reifyNode:node_modules/@esbuild/linux-loong64 Completed in 70ms
111 silly tarball no local data for xmlhttprequest-ssl@https://registry.npmjs.org/xmlhttprequest-ssl/-/xmlhttprequest-ssl-2.0.0.tgz. Extracting by manifest.
112 silly tarball no local data for vary@https://registry.npmjs.org/vary/-/vary-1.1.2.tgz. Extracting by manifest.
113 silly tarball no local data for supports-color@https://registry.npmjs.org/supports-color/-/supports-color-5.5.0.tgz. Extracting by manifest.
114 silly tarball no local data for up@https://registry.npmjs.org/up/-/up-1.0.2.tgz. Extracting by manifest.
115 silly tarball no local data for vite@https://registry.npmjs.org/vite/-/vite-3.1.2.tgz. Extracting by manifest.
116 silly tarball no local data for undefsafe@https://registry.npmjs.org/undefsafe/-/undefsafe-2.0.5.tgz. Extracting by manifest.
117 silly tarball no local data for socket.io-adapter@https://registry.npmjs.org/socket.io-adapter/-/socket.io-adapter-2.4.0.tgz. Extracting by manifest.
118 silly tarball no local data for to-regex-range@https://registry.npmjs.org/to-regex-range/-/to-regex-range-5.0.1.tgz. Extracting by manifest.
119 silly tarball no local data for supports-preserve-symlinks-flag@https://registry.npmjs.org/supports-preserve-symlinks-flag/-/supports-preserve-symlinks-flag-1.0.0.tgz. Extracting by manifest.
120 silly tarball no local data for touch@https://registry.npmjs.org/touch/-/touch-3.1.0.tgz. Extracting by manifest.
121 silly tarball no local data for socket.io-client@https://registry.npmjs.org/socket.io-client/-/socket.io-client-4.5.2.tgz. Extracting by manifest.
122 silly tarball no local data for socket.io@https://registry.npmjs.org/socket.io/-/socket.io-4.5.2.tgz. Extracting by manifest.
123 silly tarball no local data for semver@https://registry.npmjs.org/semver/-/semver-5.7.1.tgz. Extracting by manifest.
124 silly tarball no local data for socket.io-parser@https://registry.npmjs.org/socket.io-parser/-/socket.io-parser-4.2.1.tgz. Extracting by manifest.
125 silly tarball no local data for rollup@https://registry.npmjs.org/rollup/-/rollup-2.78.1.tgz. Extracting by manifest.
126 silly tarball no local data for simple-update-notifier@https://registry.npmjs.org/simple-update-notifier/-/simple-update-notifier-1.0.7.tgz. Extracting by manifest.
127 silly tarball no local data for resolve@https://registry.npmjs.org/resolve/-/resolve-1.22.1.tgz. Extracting by manifest.
128 silly tarball no local data for picomatch@https://registry.npmjs.org/picomatch/-/picomatch-2.3.1.tgz. Extracting by manifest.
129 silly tarball no local data for postcss@https://registry.npmjs.org/postcss/-/postcss-8.4.16.tgz. Extracting by manifest.
130 silly tarball no local data for pstree.remy@https://registry.npmjs.org/pstree.remy/-/pstree.remy-1.1.8.tgz. Extracting by manifest.
131 silly tarball no local data for picocolors@https://registry.npmjs.org/picocolors/-/picocolors-1.0.0.tgz. Extracting by manifest.
132 silly tarball no local data for path-parse@https://registry.npmjs.org/path-parse/-/path-parse-1.0.7.tgz. Extracting by manifest.
133 silly tarball no local data for object-assign@https://registry.npmjs.org/object-assign/-/object-assign-4.1.1.tgz. Extracting by manifest.
134 silly tarball no local data for nopt@https://registry.npmjs.org/nopt/-/nopt-1.0.10.tgz. Extracting by manifest.
135 silly tarball no local data for nanoid@https://registry.npmjs.org/nanoid/-/nanoid-3.3.4.tgz. Extracting by manifest.
136 silly tarball no local data for nodemon@https://registry.npmjs.org/nodemon/-/nodemon-2.0.20.tgz. Extracting by manifest.
137 silly tarball no local data for mime-db@https://registry.npmjs.org/mime-db/-/mime-db-1.52.0.tgz. Extracting by manifest.
138 silly tarball no local data for readdirp@https://registry.npmjs.org/readdirp/-/readdirp-3.6.0.tgz. Extracting by manifest.
139 silly tarball no local data for is-glob@https://registry.npmjs.org/is-glob/-/is-glob-4.0.3.tgz. Extracting by manifest.
140 silly tarball no local data for mime-types@https://registry.npmjs.org/mime-types/-/mime-types-2.1.35.tgz. Extracting by manifest.
141 silly tarball no local data for minimatch@https://registry.npmjs.org/minimatch/-/minimatch-3.1.2.tgz. Extracting by manifest.
142 silly tarball no local data for is-core-module@https://registry.npmjs.org/is-core-module/-/is-core-module-2.10.0.tgz. Extracting by manifest.
143 silly tarball no local data for is-number@https://registry.npmjs.org/is-number/-/is-number-7.0.0.tgz. Extracting by manifest.
144 silly tarball no local data for has@https://registry.npmjs.org/has/-/has-1.0.3.tgz. Extracting by manifest.
145 silly tarball no local data for is-binary-path@https://registry.npmjs.org/is-binary-path/-/is-binary-path-2.1.0.tgz. Extracting by manifest.
146 silly tarball no local data for is-extglob@https://registry.npmjs.org/is-extglob/-/is-extglob-2.1.1.tgz. Extracting by manifest.
147 silly tarball no local data for source-map-js@https://registry.npmjs.org/source-map-js/-/source-map-js-1.0.2.tgz. Extracting by manifest.
148 silly tarball no local data for normalize-path@https://registry.npmjs.org/normalize-path/-/normalize-path-3.0.0.tgz. Extracting by manifest.
149 silly tarball no local data for has-flag@https://registry.npmjs.org/has-flag/-/has-flag-3.0.0.tgz. Extracting by manifest.
150 silly tarball no local data for ignore-by-default@https://registry.npmjs.org/ignore-by-default/-/ignore-by-default-1.0.1.tgz. Extracting by manifest.
151 silly tarball no local data for negotiator@https://registry.npmjs.org/negotiator/-/negotiator-0.6.3.tgz. Extracting by manifest.
152 silly tarball no local data for fill-range@https://registry.npmjs.org/fill-range/-/fill-range-7.0.1.tgz. Extracting by manifest.
153 silly tarball no local data for glob-parent@https://registry.npmjs.org/glob-parent/-/glob-parent-5.1.2.tgz. Extracting by manifest.
154 silly tarball no local data for engine.io@https://registry.npmjs.org/engine.io/-/engine.io-6.2.0.tgz. Extracting by manifest.
155 silly tarball no local data for engine.io-client@https://registry.npmjs.org/engine.io-client/-/engine.io-client-6.2.2.tgz. Extracting by manifest.
156 silly tarball no local data for esbuild@https://registry.npmjs.org/esbuild/-/esbuild-0.15.7.tgz. Extracting by manifest.
157 silly tarball no local data for cors@https://registry.npmjs.org/cors/-/cors-2.8.5.tgz. Extracting by manifest.
158 silly tarball no local data for brace-expansion@https://registry.npmjs.org/brace-expansion/-/brace-expansion-1.1.11.tgz. Extracting by manifest.
159 silly tarball no local data for binary-extensions@https://registry.npmjs.org/binary-extensions/-/binary-extensions-2.2.0.tgz. Extracting by manifest.
160 silly tarball no local data for function-bind@https://registry.npmjs.org/function-bind/-/function-bind-1.1.1.tgz. Extracting by manifest.
161 silly tarball no local data for esbuild-linux-arm64@https://registry.npmjs.org/esbuild-linux-arm64/-/esbuild-linux-arm64-0.15.7.tgz. Extracting by manifest.
162 silly tarball no local data for braces@https://registry.npmjs.org/braces/-/braces-3.0.2.tgz. Extracting by manifest.
163 silly tarball no local data for balanced-match@https://registry.npmjs.org/balanced-match/-/balanced-match-1.0.2.tgz. Extracting by manifest.
164 silly tarball no local data for accepts@https://registry.npmjs.org/accepts/-/accepts-1.3.8.tgz. Extracting by manifest.
165 silly tarball no local data for base64id@https://registry.npmjs.org/base64id/-/base64id-2.0.0.tgz. Extracting by manifest.
166 silly tarball no local data for @types/cookie@https://registry.npmjs.org/@types/cookie/-/cookie-0.4.1.tgz. Extracting by manifest.
167 silly tarball no local data for engine.io-parser@https://registry.npmjs.org/engine.io-parser/-/engine.io-parser-5.0.4.tgz. Extracting by manifest.
168 silly tarball no local data for abbrev@https://registry.npmjs.org/abbrev/-/abbrev-1.1.1.tgz. Extracting by manifest.
169 silly tarball no local data for @types/node@https://registry.npmjs.org/@types/node/-/node-18.7.18.tgz. Extracting by manifest.
170 silly tarball no local data for debug@https://registry.npmjs.org/debug/-/debug-4.3.4.tgz. Extracting by manifest.
171 silly tarball no local data for @socket.io/component-emitter@https://registry.npmjs.org/@socket.io/component-emitter/-/component-emitter-3.1.0.tgz. Extracting by manifest.
172 silly tarball no local data for debug@https://registry.npmjs.org/debug/-/debug-4.3.4.tgz. Extracting by manifest.
173 silly tarball no local data for anymatch@https://registry.npmjs.org/anymatch/-/anymatch-3.1.2.tgz. Extracting by manifest.
174 silly tarball no local data for ms@https://registry.npmjs.org/ms/-/ms-2.1.2.tgz. Extracting by manifest.
175 silly tarball no local data for debug@https://registry.npmjs.org/debug/-/debug-4.3.4.tgz. Extracting by manifest.
176 silly tarball no local data for ms@https://registry.npmjs.org/ms/-/ms-2.1.2.tgz. Extracting by manifest.
177 silly tarball no local data for ms@https://registry.npmjs.org/ms/-/ms-2.1.2.tgz. Extracting by manifest.
178 silly tarball no local data for ws@https://registry.npmjs.org/ws/-/ws-8.2.3.tgz. Extracting by manifest.
179 silly tarball no local data for @types/cors@https://registry.npmjs.org/@types/cors/-/cors-2.8.12.tgz. Extracting by manifest.
180 silly tarball no local data for chokidar@https://registry.npmjs.org/chokidar/-/chokidar-3.5.3.tgz. Extracting by manifest.
181 silly tarball no local data for semver@https://registry.npmjs.org/semver/-/semver-7.0.0.tgz. Extracting by manifest.
182 silly tarball no local data for ms@https://registry.npmjs.org/ms/-/ms-2.1.3.tgz. Extracting by manifest.
183 silly tarball no local data for debug@https://registry.npmjs.org/debug/-/debug-3.2.7.tgz. Extracting by manifest.
184 silly tarball no local data for concat-map@https://registry.npmjs.org/concat-map/-/concat-map-0.0.1.tgz. Extracting by manifest.
185 silly tarball no local data for ms@https://registry.npmjs.org/ms/-/ms-2.1.2.tgz. Extracting by manifest.
186 silly tarball no local data for ms@https://registry.npmjs.org/ms/-/ms-2.1.2.tgz. Extracting by manifest.
187 silly tarball no local data for ws@https://registry.npmjs.org/ws/-/ws-8.2.3.tgz. Extracting by manifest.
188 silly tarball no local data for debug@https://registry.npmjs.org/debug/-/debug-4.3.4.tgz. Extracting by manifest.
189 silly tarball no local data for cookie@https://registry.npmjs.org/cookie/-/cookie-0.4.2.tgz. Extracting by manifest.
190 silly tarball no local data for debug@https://registry.npmjs.org/debug/-/debug-4.3.4.tgz. Extracting by manifest.
191 http fetch POST 200 https://registry.npmjs.org/-/npm/v1/security/advisories/bulk 522ms
192 timing auditReport:getReport Completed in 534ms
193 silly audit report {}
194 timing auditReport:init Completed in 0ms
195 timing reify:audit Completed in 536ms
196 http fetch GET 200 https://registry.npmjs.org/npm 1313ms (cache miss)
197 http fetch GET 200 https://registry.npmjs.org/supports-color/-/supports-color-5.5.0.tgz 1381ms (cache miss)
198 timing reifyNode:node_modules/supports-color Completed in 1543ms
199 http fetch GET 200 https://registry.npmjs.org/vary/-/vary-1.1.2.tgz 1403ms (cache miss)
200 timing reifyNode:node_modules/vary Completed in 1565ms
201 http fetch GET 200 https://registry.npmjs.org/socket.io-adapter/-/socket.io-adapter-2.4.0.tgz 1553ms (cache miss)
202 timing reifyNode:node_modules/socket.io-adapter Completed in 1729ms
203 http fetch GET 200 https://registry.npmjs.org/undefsafe/-/undefsafe-2.0.5.tgz 1636ms (cache miss)
204 timing reifyNode:node_modules/undefsafe Completed in 1811ms
205 http fetch GET 200 https://registry.npmjs.org/to-regex-range/-/to-regex-range-5.0.1.tgz 1735ms (cache miss)
206 timing reifyNode:node_modules/to-regex-range Completed in 1915ms
207 http fetch GET 200 https://registry.npmjs.org/path-parse/-/path-parse-1.0.7.tgz 1803ms (cache miss)
208 timing reifyNode:node_modules/path-parse Completed in 2028ms
209 http fetch GET 200 https://registry.npmjs.org/is-number/-/is-number-7.0.0.tgz 1919ms (cache miss)
210 timing reifyNode:node_modules/is-number Completed in 2192ms
211 http fetch GET 200 https://registry.npmjs.org/minimatch/-/minimatch-3.1.2.tgz 1990ms (cache miss)
212 timing reifyNode:node_modules/minimatch Completed in 2254ms
213 http fetch GET 200 https://registry.npmjs.org/ms/-/ms-2.1.2.tgz 1906ms (cache miss)
214 timing reifyNode:node_modules/socket.io/node_modules/ms Completed in 2290ms
215 http fetch GET 200 https://registry.npmjs.org/normalize-path/-/normalize-path-3.0.0.tgz 2004ms (cache miss)
216 timing reifyNode:node_modules/normalize-path Completed in 2297ms
217 http fetch GET 200 https://registry.npmjs.org/has-flag/-/has-flag-3.0.0.tgz 2005ms (cache miss)
218 timing reifyNode:node_modules/has-flag Completed in 2300ms
219 http fetch GET 200 https://registry.npmjs.org/ms/-/ms-2.1.2.tgz 1920ms (cache miss)
220 timing reifyNode:node_modules/engine.io/node_modules/ms Completed in 2333ms
221 http fetch GET 200 https://registry.npmjs.org/base64id/-/base64id-2.0.0.tgz 1999ms (cache miss)
222 timing reifyNode:node_modules/base64id Completed in 2342ms
223 http fetch GET 200 https://registry.npmjs.org/ms/-/ms-2.1.2.tgz 1975ms (cache miss)
224 timing reifyNode:node_modules/socket.io-client/node_modules/ms Completed in 2355ms
225 http fetch GET 200 https://registry.npmjs.org/@types/cookie/-/cookie-0.4.1.tgz 2016ms (cache miss)
226 timing reifyNode:node_modules/@types/cookie Completed in 2359ms
227 http fetch GET 200 https://registry.npmjs.org/picocolors/-/picocolors-1.0.0.tgz 2154ms (cache miss)
228 timing reifyNode:node_modules/picocolors Completed in 2375ms
229 http fetch GET 200 https://registry.npmjs.org/ms/-/ms-2.1.2.tgz 2025ms (cache miss)
230 timing reifyNode:node_modules/socket.io-parser/node_modules/ms Completed in 2406ms
231 http fetch GET 200 https://registry.npmjs.org/mime-types/-/mime-types-2.1.35.tgz 2166ms (cache miss)
232 timing reifyNode:node_modules/mime-types Completed in 2426ms
233 http fetch GET 200 https://registry.npmjs.org/@socket.io/component-emitter/-/component-emitter-3.1.0.tgz 2076ms (cache miss)
234 timing reifyNode:node_modules/@socket.io/component-emitter Completed in 2435ms
235 http fetch GET 200 https://registry.npmjs.org/object-assign/-/object-assign-4.1.1.tgz 2221ms (cache miss)
236 timing reifyNode:node_modules/object-assign Completed in 2453ms
237 http fetch GET 200 https://registry.npmjs.org/ms/-/ms-2.1.2.tgz 2052ms (cache miss)
238 timing reifyNode:node_modules/engine.io-client/node_modules/ms Completed in 2461ms
239 http fetch GET 200 https://registry.npmjs.org/touch/-/touch-3.1.0.tgz 2288ms (cache miss)
240 timing reifyNode:node_modules/touch Completed in 2473ms
241 http fetch GET 200 https://registry.npmjs.org/debug/-/debug-4.3.4.tgz 1963ms (cache miss)
242 timing reifyNode:node_modules/engine.io/node_modules/debug Completed in 2471ms
243 http fetch GET 200 https://registry.npmjs.org/concat-map/-/concat-map-0.0.1.tgz 2069ms (cache miss)
244 timing reifyNode:node_modules/concat-map Completed in 2476ms
245 http fetch GET 200 https://registry.npmjs.org/is-glob/-/is-glob-4.0.3.tgz 2233ms (cache miss)
246 timing reifyNode:node_modules/is-glob Completed in 2490ms
247 http fetch GET 200 https://registry.npmjs.org/has/-/has-1.0.3.tgz 2224ms (cache miss)
248 timing reifyNode:node_modules/has Completed in 2500ms
249 http fetch GET 200 https://registry.npmjs.org/is-extglob/-/is-extglob-2.1.1.tgz 2220ms (cache miss)
250 timing reifyNode:node_modules/is-extglob Completed in 2508ms
251 http fetch GET 200 https://registry.npmjs.org/ignore-by-default/-/ignore-by-default-1.0.1.tgz 2217ms (cache miss)
252 timing reifyNode:node_modules/ignore-by-default Completed in 2515ms
253 http fetch GET 200 https://registry.npmjs.org/@types/cors/-/cors-2.8.12.tgz 2137ms (cache miss)
254 timing reifyNode:node_modules/@types/cors Completed in 2523ms
255 http fetch GET 200 https://registry.npmjs.org/balanced-match/-/balanced-match-1.0.2.tgz 2197ms (cache miss)
256 timing reifyNode:node_modules/balanced-match Completed in 2536ms
257 http fetch GET 200 https://registry.npmjs.org/supports-preserve-symlinks-flag/-/supports-preserve-symlinks-flag-1.0.0.tgz 2371ms (cache miss)
258 timing reifyNode:node_modules/supports-preserve-symlinks-flag Completed in 2555ms
259 http fetch GET 200 https://registry.npmjs.org/accepts/-/accepts-1.3.8.tgz 2217ms (cache miss)
260 timing reifyNode:node_modules/accepts Completed in 2558ms
261 http fetch GET 200 https://registry.npmjs.org/xmlhttprequest-ssl/-/xmlhttprequest-ssl-2.0.0.tgz 2422ms (cache miss)
262 timing reifyNode:node_modules/xmlhttprequest-ssl Completed in 2579ms
263 http fetch GET 200 https://registry.npmjs.org/readdirp/-/readdirp-3.6.0.tgz 2331ms (cache miss)
264 timing reifyNode:node_modules/readdirp Completed in 2588ms
265 http fetch GET 200 https://registry.npmjs.org/binary-extensions/-/binary-extensions-2.2.0.tgz 2264ms (cache miss)
266 timing reifyNode:node_modules/binary-extensions Completed in 2589ms
267 http fetch GET 200 https://registry.npmjs.org/anymatch/-/anymatch-3.1.2.tgz 2227ms (cache miss)
268 timing reifyNode:node_modules/anymatch Completed in 2596ms
269 http fetch GET 200 https://registry.npmjs.org/is-binary-path/-/is-binary-path-2.1.0.tgz 2320ms (cache miss)
270 timing reifyNode:node_modules/is-binary-path Completed in 2604ms
271 http fetch GET 200 https://registry.npmjs.org/fill-range/-/fill-range-7.0.1.tgz 2312ms (cache miss)
272 timing reifyNode:node_modules/fill-range Completed in 2614ms
273 http fetch GET 200 https://registry.npmjs.org/brace-expansion/-/brace-expansion-1.1.11.tgz 2300ms (cache miss)
274 timing reifyNode:node_modules/brace-expansion Completed in 2624ms
275 http fetch GET 200 https://registry.npmjs.org/abbrev/-/abbrev-1.1.1.tgz 2279ms (cache miss)
276 timing reifyNode:node_modules/abbrev Completed in 2630ms
277 http fetch GET 200 https://registry.npmjs.org/glob-parent/-/glob-parent-5.1.2.tgz 2332ms (cache miss)
278 timing reifyNode:node_modules/glob-parent Completed in 2639ms
279 http fetch GET 200 https://registry.npmjs.org/simple-update-notifier/-/simple-update-notifier-1.0.7.tgz 2444ms (cache miss)
280 timing reifyNode:node_modules/simple-update-notifier Completed in 2650ms
281 http fetch GET 200 https://registry.npmjs.org/debug/-/debug-4.3.4.tgz 2283ms (cache miss)
282 timing reifyNode:node_modules/socket.io/node_modules/debug Completed in 2661ms
283 http fetch GET 200 https://registry.npmjs.org/debug/-/debug-4.3.4.tgz 2302ms (cache miss)
284 timing reifyNode:node_modules/socket.io-parser/node_modules/debug Completed in 2669ms
285 http fetch GET 200 https://registry.npmjs.org/ms/-/ms-2.1.3.tgz 2274ms (cache miss)
286 timing reifyNode:node_modules/nodemon/node_modules/ms Completed in 2676ms
287 http fetch GET 200 https://registry.npmjs.org/cookie/-/cookie-0.4.2.tgz 2175ms (cache miss)
288 timing reifyNode:node_modules/engine.io/node_modules/cookie Completed in 2683ms
289 http fetch GET 200 https://registry.npmjs.org/pstree.remy/-/pstree.remy-1.1.8.tgz 2490ms (cache miss)
290 timing reifyNode:node_modules/pstree.remy Completed in 2709ms
291 http fetch GET 200 https://registry.npmjs.org/debug/-/debug-4.3.4.tgz 2282ms (cache miss)
292 timing reifyNode:node_modules/engine.io-client/node_modules/debug Completed in 2717ms
293 http fetch GET 200 https://registry.npmjs.org/function-bind/-/function-bind-1.1.1.tgz 2404ms (cache miss)
294 timing reifyNode:node_modules/function-bind Completed in 2733ms
295 http fetch GET 200 https://registry.npmjs.org/cors/-/cors-2.8.5.tgz 2420ms (cache miss)
296 timing reifyNode:node_modules/cors Completed in 2740ms
297 http fetch GET 200 https://registry.npmjs.org/semver/-/semver-5.7.1.tgz 2567ms (cache miss)
298 timing reifyNode:node_modules/semver Completed in 2764ms
299 http fetch GET 200 https://registry.npmjs.org/nopt/-/nopt-1.0.10.tgz 2551ms (cache miss)
300 timing reifyNode:node_modules/nopt Completed in 2789ms
301 http fetch GET 200 https://registry.npmjs.org/braces/-/braces-3.0.2.tgz 2461ms (cache miss)
302 timing reifyNode:node_modules/braces Completed in 2794ms
303 http fetch GET 200 https://registry.npmjs.org/is-core-module/-/is-core-module-2.10.0.tgz 2531ms (cache miss)
304 timing reifyNode:node_modules/is-core-module Completed in 2799ms
305 http fetch GET 200 https://registry.npmjs.org/debug/-/debug-3.2.7.tgz 2421ms (cache miss)
306 timing reifyNode:node_modules/nodemon/node_modules/debug Completed in 2824ms
307 http fetch GET 200 https://registry.npmjs.org/debug/-/debug-4.3.4.tgz 2471ms (cache miss)
308 timing reifyNode:node_modules/socket.io-client/node_modules/debug Completed in 2831ms
309 http fetch GET 200 https://registry.npmjs.org/negotiator/-/negotiator-0.6.3.tgz 2560ms (cache miss)
310 timing reifyNode:node_modules/negotiator Completed in 2860ms
311 http fetch GET 200 https://registry.npmjs.org/esbuild/-/esbuild-0.15.7.tgz 2554ms (cache miss)
312 timing reifyNode:node_modules/esbuild Completed in 2872ms
313 http fetch GET 200 https://registry.npmjs.org/socket.io-parser/-/socket.io-parser-4.2.1.tgz 2686ms (cache miss)
314 timing reifyNode:node_modules/socket.io-parser Completed in 2886ms
315 http fetch GET 200 https://registry.npmjs.org/mime-db/-/mime-db-1.52.0.tgz 2679ms (cache miss)
316 timing reifyNode:node_modules/mime-db Completed in 2928ms
317 http fetch GET 200 https://registry.npmjs.org/chokidar/-/chokidar-3.5.3.tgz 2556ms (cache miss)
318 timing reifyNode:node_modules/chokidar Completed in 2946ms
319 http fetch GET 200 https://registry.npmjs.org/picomatch/-/picomatch-2.3.1.tgz 2779ms (cache miss)
320 timing reifyNode:node_modules/picomatch Completed in 2991ms
321 http fetch GET 200 https://registry.npmjs.org/nanoid/-/nanoid-3.3.4.tgz 2772ms (cache miss)
322 timing reifyNode:node_modules/nanoid Completed in 3011ms
323 http fetch GET 200 https://registry.npmjs.org/engine.io-parser/-/engine.io-parser-5.0.4.tgz 2851ms (cache miss)
324 timing reifyNode:node_modules/engine.io-parser Completed in 3198ms
325 http fetch GET 200 https://registry.npmjs.org/ws/-/ws-8.2.3.tgz 2844ms (cache miss)
326 timing reifyNode:node_modules/engine.io/node_modules/ws Completed in 3227ms
327 http fetch GET 200 https://registry.npmjs.org/ws/-/ws-8.2.3.tgz 2809ms (cache miss)
328 timing reifyNode:node_modules/engine.io-client/node_modules/ws Completed in 3235ms
329 http fetch GET 200 https://registry.npmjs.org/up/-/up-1.0.2.tgz 3089ms (cache miss)
330 timing reifyNode:node_modules/up Completed in 3255ms
331 http fetch GET 200 https://registry.npmjs.org/engine.io/-/engine.io-6.2.0.tgz 2946ms (cache miss)
332 timing reifyNode:node_modules/engine.io Completed in 3255ms
333 http fetch GET 200 https://registry.npmjs.org/source-map-js/-/source-map-js-1.0.2.tgz 2997ms (cache miss)
334 timing reifyNode:node_modules/source-map-js Completed in 3290ms
335 http fetch GET 200 https://registry.npmjs.org/semver/-/semver-7.0.0.tgz 3005ms (cache miss)
336 timing reifyNode:node_modules/simple-update-notifier/node_modules/semver Completed in 3401ms
337 http fetch GET 200 https://registry.npmjs.org/postcss/-/postcss-8.4.16.tgz 3385ms (cache miss)
338 timing reifyNode:node_modules/postcss Completed in 3599ms
339 http fetch GET 200 https://registry.npmjs.org/nodemon/-/nodemon-2.0.20.tgz 3370ms (cache miss)
340 timing reifyNode:node_modules/nodemon Completed in 3617ms
341 http fetch GET 200 https://registry.npmjs.org/socket.io/-/socket.io-4.5.2.tgz 3668ms (cache miss)
342 timing reifyNode:node_modules/socket.io Completed in 3860ms
343 http fetch GET 200 https://registry.npmjs.org/engine.io-client/-/engine.io-client-6.2.2.tgz 3791ms (cache miss)
344 timing reifyNode:node_modules/engine.io-client Completed in 4111ms
345 http fetch GET 200 https://registry.npmjs.org/socket.io-client/-/socket.io-client-4.5.2.tgz 3948ms (cache miss)
346 timing reifyNode:node_modules/socket.io-client Completed in 4143ms
347 http fetch GET 200 https://registry.npmjs.org/resolve/-/resolve-1.22.1.tgz 4167ms (cache miss)
348 timing reifyNode:node_modules/resolve Completed in 4378ms
349 http fetch GET 200 https://registry.npmjs.org/@types/node/-/node-18.7.18.tgz 4040ms (cache miss)
350 timing reifyNode:node_modules/@types/node Completed in 4393ms
351 http fetch GET 200 https://registry.npmjs.org/vite/-/vite-3.1.2.tgz 4501ms (cache miss)
352 timing reifyNode:node_modules/vite Completed in 4669ms
353 http fetch GET 200 https://registry.npmjs.org/rollup/-/rollup-2.78.1.tgz 4748ms (cache miss)
354 timing reifyNode:node_modules/rollup Completed in 4950ms
355 http fetch GET 200 https://registry.npmjs.org/esbuild-linux-arm64/-/esbuild-linux-arm64-0.15.7.tgz 4851ms (cache miss)
356 timing reifyNode:node_modules/esbuild-linux-arm64 Completed in 5181ms
357 timing reify:unpack Completed in 5189ms
358 timing reify:unretire Completed in 0ms
359 timing build:queue Completed in 28ms
360 timing build:link:node_modules/rollup Completed in 43ms
361 timing build:link:node_modules/nanoid Completed in 45ms
362 timing build:link:node_modules/esbuild Completed in 47ms
363 timing build:link:node_modules/simple-update-notifier/node_modules/semver Completed in 46ms
364 timing build:link:node_modules/vite Completed in 48ms
365 timing build:link:node_modules/nopt Completed in 50ms
366 timing build:link:node_modules/nodemon Completed in 53ms
367 timing build:link:node_modules/resolve Completed in 55ms
368 timing build:link:node_modules/semver Completed in 55ms
369 timing build:link:node_modules/touch Completed in 56ms
370 timing build:link Completed in 59ms
371 info run esbuild@0.15.7 postinstall node_modules/esbuild node install.js
372 info run esbuild@0.15.7 postinstall { code: 0, signal: null }
373 timing build:run:postinstall:node_modules/esbuild Completed in 323ms
374 timing build:run:postinstall Completed in 324ms
375 timing build:deps Completed in 415ms
376 timing build Completed in 416ms
377 timing reify:build Completed in 418ms
378 timing reify:trash Completed in 20ms
379 timing reify:save Completed in 23ms
380 timing reify Completed in 6409ms
381 silly ADD node_modules/xmlhttprequest-ssl
382 silly ADD node_modules/vite
383 silly ADD node_modules/vary
384 silly ADD node_modules/up
385 silly ADD node_modules/undefsafe
386 silly ADD node_modules/touch
387 silly ADD node_modules/to-regex-range
388 silly ADD node_modules/supports-preserve-symlinks-flag
389 silly ADD node_modules/supports-color
390 silly ADD node_modules/source-map-js
391 silly ADD node_modules/socket.io-parser
392 silly ADD node_modules/socket.io-parser/node_modules/ms
393 silly ADD node_modules/socket.io-parser/node_modules/debug
394 silly ADD node_modules/socket.io-client
395 silly ADD node_modules/socket.io-client/node_modules/ms
396 silly ADD node_modules/socket.io-client/node_modules/debug
397 silly ADD node_modules/socket.io-adapter
398 silly ADD node_modules/socket.io
399 silly ADD node_modules/socket.io/node_modules/ms
400 silly ADD node_modules/socket.io/node_modules/debug
401 silly ADD node_modules/simple-update-notifier
402 silly ADD node_modules/simple-update-notifier/node_modules/semver
403 silly ADD node_modules/semver
404 silly ADD node_modules/rollup
405 silly ADD node_modules/resolve
406 silly ADD node_modules/readdirp
407 silly ADD node_modules/pstree.remy
408 silly ADD node_modules/postcss
409 silly ADD node_modules/picomatch
410 silly ADD node_modules/picocolors
411 silly ADD node_modules/path-parse
412 silly ADD node_modules/object-assign
413 silly ADD node_modules/normalize-path
414 silly ADD node_modules/nopt
415 silly ADD node_modules/nodemon
416 silly ADD node_modules/nodemon/node_modules/ms
417 silly ADD node_modules/nodemon/node_modules/debug
418 silly ADD node_modules/negotiator
419 silly ADD node_modules/nanoid
420 silly ADD node_modules/minimatch
421 silly ADD node_modules/mime-types
422 silly ADD node_modules/mime-db
423 silly ADD node_modules/is-number
424 silly ADD node_modules/is-glob
425 silly ADD node_modules/is-extglob
426 silly ADD node_modules/is-core-module
427 silly ADD node_modules/is-binary-path
428 silly ADD node_modules/ignore-by-default
429 silly ADD node_modules/has-flag
430 silly ADD node_modules/has
431 silly ADD node_modules/glob-parent
432 silly ADD node_modules/function-bind
433 silly ADD
434 silly ADD node_modules/fill-range
435 silly ADD
436 silly ADD
437 silly ADD
438 silly ADD
439 silly ADD
440 silly ADD
441 silly ADD
442 silly ADD
443 silly ADD
444 silly ADD
445 silly ADD node_modules/esbuild-linux-arm64
446 silly ADD
447 silly ADD
448 silly ADD
449 silly ADD
450 silly ADD
451 silly ADD
452 silly ADD
453 silly ADD
454 silly ADD
455 silly ADD node_modules/esbuild
456 silly ADD node_modules/engine.io-parser
457 silly ADD node_modules/engine.io-client
458 silly ADD node_modules/engine.io-client/node_modules/ws
459 silly ADD node_modules/engine.io-client/node_modules/ms
460 silly ADD node_modules/engine.io-client/node_modules/debug
461 silly ADD node_modules/engine.io
462 silly ADD node_modules/engine.io/node_modules/ws
463 silly ADD node_modules/engine.io/node_modules/ms
464 silly ADD node_modules/engine.io/node_modules/debug
465 silly ADD node_modules/engine.io/node_modules/cookie
466 silly ADD node_modules/cors
467 silly ADD node_modules/concat-map
468 silly ADD node_modules/chokidar
469 silly ADD node_modules/braces
470 silly ADD node_modules/brace-expansion
471 silly ADD node_modules/binary-extensions
472 silly ADD node_modules/base64id
473 silly ADD node_modules/balanced-match
474 silly ADD node_modules/anymatch
475 silly ADD node_modules/accepts
476 silly ADD node_modules/abbrev
477 silly ADD node_modules/@types/node
478 silly ADD node_modules/@types/cors
479 silly ADD node_modules/@types/cookie
480 silly ADD node_modules/@socket.io/component-emitter
481 silly ADD
482 timing command:i Completed in 6514ms
483 notice
483 notice New [33mminor[39m version of npm available! [31m8.6.0[39m -> [32m8.19.2[39m
483 notice Changelog: [36mhttps://github.com/npm/cli/releases/tag/v8.19.2[39m
483 notice Run [32mnpm install -g npm@8.19.2[39m to update!
483 notice
484 verbose exit 0
485 timing npm Completed in 6604ms
486 info ok
